{"/home/travis/build/npmtest/node-npmtest-imap/test.js":{"path":"/home/travis/build/npmtest/node-npmtest-imap/test.js","s":{"1":2,"2":2,"3":2,"4":2,"5":2,"6":2,"7":2,"8":1,"9":2,"10":2,"11":1,"12":1,"13":1,"14":1,"15":2,"16":2,"17":2,"18":2,"19":1,"20":1,"21":2,"22":2,"23":2,"24":1,"25":1,"26":1,"27":1,"28":1,"29":1,"30":1,"31":1,"32":1,"33":1,"34":1,"35":1,"36":1,"37":2,"38":2,"39":1,"40":2,"41":2,"42":1,"43":2,"44":2,"45":1,"46":2,"47":2,"48":1,"49":1,"50":1,"51":1,"52":1},"b":{"1":[2,1,1,1],"2":[1,1,1,1],"3":[1,1],"4":[1,1],"5":[1,1],"6":[1,1],"7":[1,1],"8":[1,1],"9":[1,1,1],"10":[1,1],"11":[1,1],"12":[1,1],"13":[1,1],"14":[1,1],"15":[1,1],"16":[1,1]},"f":{"1":2,"2":2,"3":2,"4":2,"5":2,"6":1,"7":1,"8":2,"9":2,"10":2,"11":2,"12":1},"fnMap":{"1":{"name":"(anonymous_1)","line":12,"loc":{"start":{"line":12,"column":1},"end":{"line":12,"column":13}}},"2":{"name":"(anonymous_2)","line":19,"loc":{"start":{"line":19,"column":5},"end":{"line":19,"column":17}}},"3":{"name":"(anonymous_3)","line":23,"loc":{"start":{"line":23,"column":24},"end":{"line":23,"column":36}}},"4":{"name":"(anonymous_4)","line":61,"loc":{"start":{"line":61,"column":5},"end":{"line":61,"column":17}}},"5":{"name":"(anonymous_5)","line":82,"loc":{"start":{"line":82,"column":5},"end":{"line":82,"column":17}}},"6":{"name":"(anonymous_6)","line":102,"loc":{"start":{"line":102,"column":83},"end":{"line":105,"column":10}},"skip":true},"7":{"name":"(anonymous_7)","line":113,"loc":{"start":{"line":113,"column":77},"end":{"line":116,"column":10}},"skip":true},"8":{"name":"(anonymous_8)","line":129,"loc":{"start":{"line":129,"column":12},"end":{"line":129,"column":40}},"skip":true},"9":{"name":"(anonymous_9)","line":137,"loc":{"start":{"line":137,"column":77},"end":{"line":140,"column":10}},"skip":true},"10":{"name":"(anonymous_10)","line":148,"loc":{"start":{"line":148,"column":83},"end":{"line":151,"column":10}},"skip":true},"11":{"name":"(anonymous_11)","line":159,"loc":{"start":{"line":159,"column":79},"end":{"line":162,"column":10}},"skip":true},"12":{"name":"(anonymous_12)","line":170,"loc":{"start":{"line":170,"column":75},"end":{"line":173,"column":10}},"skip":true}},"statementMap":{"1":{"start":{"line":12,"column":0},"end":{"line":185,"column":5}},"2":{"start":{"line":14,"column":4},"end":{"line":14,"column":14}},"3":{"start":{"line":19,"column":4},"end":{"line":56,"column":9}},"4":{"start":{"line":21,"column":8},"end":{"line":21,"column":19}},"5":{"start":{"line":23,"column":8},"end":{"line":35,"column":13}},"6":{"start":{"line":24,"column":12},"end":{"line":34,"column":13}},"7":{"start":{"line":25,"column":16},"end":{"line":28,"column":30}},"8":{"start":{"line":30,"column":16},"end":{"line":33,"column":27}},"9":{"start":{"line":37,"column":8},"end":{"line":39,"column":21}},"10":{"start":{"line":40,"column":8},"end":{"line":53,"column":9}},"11":{"start":{"line":43,"column":12},"end":{"line":46,"column":14}},"12":{"start":{"line":47,"column":12},"end":{"line":47,"column":18}},"13":{"start":{"line":50,"column":12},"end":{"line":51,"column":46}},"14":{"start":{"line":52,"column":12},"end":{"line":52,"column":18}},"15":{"start":{"line":55,"column":8},"end":{"line":55,"column":35}},"16":{"start":{"line":61,"column":4},"end":{"line":63,"column":9}},"17":{"start":{"line":62,"column":8},"end":{"line":62,"column":15}},"18":{"start":{"line":64,"column":4},"end":{"line":77,"column":5}},"19":{"start":{"line":70,"column":8},"end":{"line":70,"column":14}},"20":{"start":{"line":76,"column":8},"end":{"line":76,"column":14}},"21":{"start":{"line":82,"column":4},"end":{"line":84,"column":9}},"22":{"start":{"line":83,"column":8},"end":{"line":83,"column":15}},"23":{"start":{"line":85,"column":4},"end":{"line":184,"column":5}},"24":{"start":{"line":92,"column":8},"end":{"line":94,"column":63}},"25":{"start":{"line":95,"column":8},"end":{"line":95,"column":14}},"26":{"start":{"line":102,"column":8},"end":{"line":111,"column":10},"skip":true},"27":{"start":{"line":109,"column":12},"end":{"line":109,"column":55},"skip":true},"28":{"start":{"line":110,"column":12},"end":{"line":110,"column":48},"skip":true},"29":{"start":{"line":113,"column":8},"end":{"line":126,"column":10},"skip":true},"30":{"start":{"line":120,"column":12},"end":{"line":120,"column":76},"skip":true},"31":{"start":{"line":121,"column":12},"end":{"line":121,"column":73},"skip":true},"32":{"start":{"line":122,"column":12},"end":{"line":122,"column":74},"skip":true},"33":{"start":{"line":123,"column":12},"end":{"line":123,"column":79},"skip":true},"34":{"start":{"line":124,"column":12},"end":{"line":124,"column":25},"skip":true},"35":{"start":{"line":125,"column":12},"end":{"line":125,"column":45},"skip":true},"36":{"start":{"line":128,"column":8},"end":{"line":135,"column":14},"skip":true},"37":{"start":{"line":133,"column":16},"end":{"line":133,"column":29},"skip":true},"38":{"start":{"line":134,"column":16},"end":{"line":134,"column":55},"skip":true},"39":{"start":{"line":137,"column":8},"end":{"line":146,"column":10},"skip":true},"40":{"start":{"line":144,"column":12},"end":{"line":144,"column":25},"skip":true},"41":{"start":{"line":145,"column":12},"end":{"line":145,"column":45},"skip":true},"42":{"start":{"line":148,"column":8},"end":{"line":157,"column":10},"skip":true},"43":{"start":{"line":155,"column":12},"end":{"line":155,"column":25},"skip":true},"44":{"start":{"line":156,"column":12},"end":{"line":156,"column":48},"skip":true},"45":{"start":{"line":159,"column":8},"end":{"line":168,"column":10},"skip":true},"46":{"start":{"line":166,"column":12},"end":{"line":166,"column":25},"skip":true},"47":{"start":{"line":167,"column":12},"end":{"line":167,"column":46},"skip":true},"48":{"start":{"line":170,"column":8},"end":{"line":179,"column":10},"skip":true},"49":{"start":{"line":177,"column":12},"end":{"line":177,"column":94},"skip":true},"50":{"start":{"line":178,"column":12},"end":{"line":178,"column":48},"skip":true},"51":{"start":{"line":182,"column":8},"end":{"line":182,"column":35},"skip":true},"52":{"start":{"line":183,"column":8},"end":{"line":183,"column":14},"skip":true}},"branchMap":{"1":{"line":25,"type":"binary-expr","locations":[{"start":{"line":25,"column":23},"end":{"line":25,"column":62}},{"start":{"line":26,"column":20},"end":{"line":26,"column":70}},{"start":{"line":27,"column":20},"end":{"line":27,"column":71}},{"start":{"line":28,"column":20},"end":{"line":28,"column":29}}]},"2":{"line":30,"type":"binary-expr","locations":[{"start":{"line":30,"column":23},"end":{"line":30,"column":37}},{"start":{"line":31,"column":20},"end":{"line":31,"column":61}},{"start":{"line":32,"column":20},"end":{"line":32,"column":70}},{"start":{"line":33,"column":20},"end":{"line":33,"column":26}}]},"3":{"line":37,"type":"cond-expr","locations":[{"start":{"line":38,"column":14},"end":{"line":38,"column":20}},{"start":{"line":39,"column":14},"end":{"line":39,"column":20}}]},"4":{"line":40,"type":"switch","locations":[{"start":{"line":42,"column":8},"end":{"line":47,"column":18}},{"start":{"line":49,"column":8},"end":{"line":52,"column":18}}]},"5":{"line":44,"type":"binary-expr","locations":[{"start":{"line":44,"column":16},"end":{"line":44,"column":44}},{"start":{"line":44,"column":48},"end":{"line":44,"column":66}}]},"6":{"line":50,"type":"binary-expr","locations":[{"start":{"line":50,"column":21},"end":{"line":50,"column":49}},{"start":{"line":50,"column":53},"end":{"line":50,"column":72}}]},"7":{"line":64,"type":"switch","locations":[{"start":{"line":69,"column":4},"end":{"line":70,"column":14}},{"start":{"line":75,"column":4},"end":{"line":76,"column":14}}]},"8":{"line":85,"type":"switch","locations":[{"start":{"line":90,"column":4},"end":{"line":95,"column":14}},{"start":{"line":101,"column":4},"end":{"line":183,"column":14},"skip":true}]},"9":{"line":92,"type":"binary-expr","locations":[{"start":{"line":92,"column":18},"end":{"line":92,"column":32}},{"start":{"line":93,"column":12},"end":{"line":93,"column":53}},{"start":{"line":94,"column":12},"end":{"line":94,"column":61}}]},"10":{"line":102,"type":"binary-expr","locations":[{"start":{"line":102,"column":45},"end":{"line":102,"column":79},"skip":true},{"start":{"line":102,"column":83},"end":{"line":111,"column":9},"skip":true}]},"11":{"line":113,"type":"binary-expr","locations":[{"start":{"line":113,"column":42},"end":{"line":113,"column":73},"skip":true},{"start":{"line":113,"column":77},"end":{"line":126,"column":9},"skip":true}]},"12":{"line":128,"type":"binary-expr","locations":[{"start":{"line":128,"column":48},"end":{"line":128,"column":85},"skip":true},{"start":{"line":129,"column":12},"end":{"line":135,"column":13},"skip":true}]},"13":{"line":137,"type":"binary-expr","locations":[{"start":{"line":137,"column":42},"end":{"line":137,"column":73},"skip":true},{"start":{"line":137,"column":77},"end":{"line":146,"column":9},"skip":true}]},"14":{"line":148,"type":"binary-expr","locations":[{"start":{"line":148,"column":45},"end":{"line":148,"column":79},"skip":true},{"start":{"line":148,"column":83},"end":{"line":157,"column":9},"skip":true}]},"15":{"line":159,"type":"binary-expr","locations":[{"start":{"line":159,"column":43},"end":{"line":159,"column":75},"skip":true},{"start":{"line":159,"column":79},"end":{"line":168,"column":9},"skip":true}]},"16":{"line":170,"type":"binary-expr","locations":[{"start":{"line":170,"column":41},"end":{"line":170,"column":71},"skip":true},{"start":{"line":170,"column":75},"end":{"line":179,"column":9},"skip":true}]}},"code":["/* istanbul instrument in package npmtest_imap */","/*jslint","    bitwise: true,","    browser: true,","    maxerr: 8,","    maxlen: 96,","    node: true,","    nomen: true,","    regexp: true,","    stupid: true","*/","(function () {","    'use strict';","    var local;","","","","    // run shared js-env code - pre-init","    (function () {","        // init local","        local = {};","        // init modeJs","        local.modeJs = (function () {","            try {","                return typeof navigator.userAgent === 'string' &&","                    typeof document.querySelector('body') === 'object' &&","                    typeof XMLHttpRequest.prototype.open === 'function' &&","                    'browser';","            } catch (errorCaughtBrowser) {","                return module.exports &&","                    typeof process.versions.node === 'string' &&","                    typeof require('http').createServer === 'function' &&","                    'node';","            }","        }());","        // init global","        local.global = local.modeJs === 'browser'","            ? window","            : global;","        switch (local.modeJs) {","        // re-init local from window.local","        case 'browser':","            local = local.global.utility2.objectSetDefault(","                local.global.utility2_rollup || local.global.local,","                local.global.utility2","            );","            break;","        // re-init local from example.js","        case 'node':","            local = (local.global.utility2_rollup || require('utility2'))","                .requireExampleJsFromReadme();","            break;","        }","        // export local","        local.global.local = local;","    }());","","","","    // run shared js-env code - function","    (function () {","        return;","    }());","    switch (local.modeJs) {","","","","    // run browser js-env code - function","    case 'browser':","        break;","","","","    // run node js-env code - function","    case 'node':","        break;","    }","","","","    // run shared js-env code - post-init","    (function () {","        return;","    }());","    switch (local.modeJs) {","","","","    // run browser js-env code - post-init","    case 'browser':","        // run tests","        local.nop(local.modeTest &&","            document.querySelector('#testRunButton1') &&","            document.querySelector('#testRunButton1').click());","        break;","","","","    // run node js-env code - post-init","    /* istanbul ignore next */","    case 'node':","        local.testCase_buildApidoc_default = local.testCase_buildApidoc_default || function (","            options,","            onError","        ) {","        /*","         * this function will test buildApidoc's default handling-behavior-behavior","         */","            options = { modulePathList: module.paths };","            local.buildApidoc(options, onError);","        };","","        local.testCase_buildApp_default = local.testCase_buildApp_default || function (","            options,","            onError","        ) {","        /*","         * this function will test buildApp's default handling-behavior-behavior","         */","            local.testCase_buildReadme_default(options, local.onErrorThrow);","            local.testCase_buildLib_default(options, local.onErrorThrow);","            local.testCase_buildTest_default(options, local.onErrorThrow);","            local.testCase_buildCustomOrg_default(options, local.onErrorThrow);","            options = [];","            local.buildApp(options, onError);","        };","","        local.testCase_buildCustomOrg_default = local.testCase_buildCustomOrg_default ||","            function (options, onError) {","            /*","             * this function will test buildCustomOrg's default handling-behavior","             */","                options = {};","                local.buildCustomOrg(options, onError);","            };","","        local.testCase_buildLib_default = local.testCase_buildLib_default || function (","            options,","            onError","        ) {","        /*","         * this function will test buildLib's default handling-behavior","         */","            options = {};","            local.buildLib(options, onError);","        };","","        local.testCase_buildReadme_default = local.testCase_buildReadme_default || function (","            options,","            onError","        ) {","        /*","         * this function will test buildReadme's default handling-behavior-behavior","         */","            options = {};","            local.buildReadme(options, onError);","        };","","        local.testCase_buildTest_default = local.testCase_buildTest_default || function (","            options,","            onError","        ) {","        /*","         * this function will test buildTest's default handling-behavior","         */","            options = {};","            local.buildTest(options, onError);","        };","","        local.testCase_webpage_default = local.testCase_webpage_default || function (","            options,","            onError","        ) {","        /*","         * this function will test webpage's default handling-behavior","         */","            options = { modeCoverageMerge: true, url: local.serverLocalHost + '?modeTest=1' };","            local.browserTest(options, onError);","        };","","        // run test-server","        local.testRunServer(local);","        break;","    }","}());",""],"l":{"12":2,"14":2,"19":2,"21":2,"23":2,"24":2,"25":2,"30":1,"37":2,"40":2,"43":1,"47":1,"50":1,"52":1,"55":2,"61":2,"62":2,"64":2,"70":1,"76":1,"82":2,"83":2,"85":2,"92":1,"95":1,"102":1,"109":1,"110":1,"113":1,"120":1,"121":1,"122":1,"123":1,"124":1,"125":1,"128":1,"133":2,"134":2,"137":1,"144":2,"145":2,"148":1,"155":2,"156":2,"159":1,"166":2,"167":2,"170":1,"177":1,"178":1,"182":1,"183":1}},"/home/travis/build/npmtest/node-npmtest-imap/lib.npmtest_imap.js":{"path":"/home/travis/build/npmtest/node-npmtest-imap/lib.npmtest_imap.js","s":{"1":2,"2":2,"3":2,"4":2,"5":2,"6":2,"7":2,"8":1,"9":2,"10":2,"11":2,"12":2,"13":1,"14":1,"15":1,"16":1},"b":{"1":[2,1,1,1],"2":[1,1,1,1],"3":[1,1],"4":[2,2],"5":[1,1]},"f":{"1":2,"2":2,"3":2},"fnMap":{"1":{"name":"(anonymous_1)","line":12,"loc":{"start":{"line":12,"column":1},"end":{"line":12,"column":13}}},"2":{"name":"(anonymous_2)","line":19,"loc":{"start":{"line":19,"column":5},"end":{"line":19,"column":17}}},"3":{"name":"(anonymous_3)","line":23,"loc":{"start":{"line":23,"column":24},"end":{"line":23,"column":36}}}},"statementMap":{"1":{"start":{"line":12,"column":0},"end":{"line":53,"column":5}},"2":{"start":{"line":14,"column":4},"end":{"line":14,"column":14}},"3":{"start":{"line":19,"column":4},"end":{"line":52,"column":9}},"4":{"start":{"line":21,"column":8},"end":{"line":21,"column":19}},"5":{"start":{"line":23,"column":8},"end":{"line":35,"column":13}},"6":{"start":{"line":24,"column":12},"end":{"line":34,"column":13}},"7":{"start":{"line":25,"column":16},"end":{"line":28,"column":30}},"8":{"start":{"line":30,"column":16},"end":{"line":33,"column":27}},"9":{"start":{"line":37,"column":8},"end":{"line":39,"column":21}},"10":{"start":{"line":41,"column":8},"end":{"line":41,"column":54}},"11":{"start":{"line":43,"column":8},"end":{"line":43,"column":49}},"12":{"start":{"line":45,"column":8},"end":{"line":51,"column":9}},"13":{"start":{"line":46,"column":12},"end":{"line":46,"column":55}},"14":{"start":{"line":48,"column":12},"end":{"line":48,"column":35}},"15":{"start":{"line":49,"column":12},"end":{"line":49,"column":49}},"16":{"start":{"line":50,"column":12},"end":{"line":50,"column":43}}},"branchMap":{"1":{"line":25,"type":"binary-expr","locations":[{"start":{"line":25,"column":23},"end":{"line":25,"column":62}},{"start":{"line":26,"column":20},"end":{"line":26,"column":70}},{"start":{"line":27,"column":20},"end":{"line":27,"column":71}},{"start":{"line":28,"column":20},"end":{"line":28,"column":29}}]},"2":{"line":30,"type":"binary-expr","locations":[{"start":{"line":30,"column":23},"end":{"line":30,"column":37}},{"start":{"line":31,"column":20},"end":{"line":31,"column":61}},{"start":{"line":32,"column":20},"end":{"line":32,"column":70}},{"start":{"line":33,"column":20},"end":{"line":33,"column":26}}]},"3":{"line":37,"type":"cond-expr","locations":[{"start":{"line":38,"column":14},"end":{"line":38,"column":20}},{"start":{"line":39,"column":14},"end":{"line":39,"column":20}}]},"4":{"line":41,"type":"binary-expr","locations":[{"start":{"line":41,"column":16},"end":{"line":41,"column":44}},{"start":{"line":41,"column":48},"end":{"line":41,"column":53}}]},"5":{"line":45,"type":"if","locations":[{"start":{"line":45,"column":8},"end":{"line":45,"column":8}},{"start":{"line":45,"column":8},"end":{"line":45,"column":8}}]}},"code":["/* istanbul instrument in package npmtest_imap */","/*jslint","    bitwise: true,","    browser: true,","    maxerr: 8,","    maxlen: 96,","    node: true,","    nomen: true,","    regexp: true,","    stupid: true","*/","(function () {","    'use strict';","    var local;","","","","    // run shared js-env code - pre-init","    (function () {","        // init local","        local = {};","        // init modeJs","        local.modeJs = (function () {","            try {","                return typeof navigator.userAgent === 'string' &&","                    typeof document.querySelector('body') === 'object' &&","                    typeof XMLHttpRequest.prototype.open === 'function' &&","                    'browser';","            } catch (errorCaughtBrowser) {","                return module.exports &&","                    typeof process.versions.node === 'string' &&","                    typeof require('http').createServer === 'function' &&","                    'node';","            }","        }());","        // init global","        local.global = local.modeJs === 'browser'","            ? window","            : global;","        // init utility2_rollup","        local = local.global.utility2_rollup || local;","        // init lib","        local.local = local.npmtest_imap = local;","        // init exports","        if (local.modeJs === 'browser') {","            local.global.utility2_npmtest_imap = local;","        } else {","            module.exports = local;","            module.exports.__dirname = __dirname;","            module.exports.module = module;","        }","    }());","}());",""],"l":{"12":2,"14":2,"19":2,"21":2,"23":2,"24":2,"25":2,"30":1,"37":2,"41":2,"43":2,"45":2,"46":1,"48":1,"49":1,"50":1}},"/home/travis/build/npmtest/node-npmtest-imap/example.js":{"path":"/home/travis/build/npmtest/node-npmtest-imap/example.js","s":{"1":2,"2":2,"3":2,"4":2,"5":2,"6":2,"7":2,"8":1,"9":2,"10":2,"11":2,"12":2,"13":1,"14":2,"15":2,"16":2,"17":2,"18":2,"19":0,"20":2,"21":1,"22":1,"23":1,"24":1,"25":1,"26":0,"27":0,"28":1,"29":1,"30":2,"31":0,"32":0,"33":0,"34":1,"35":2,"36":2,"37":2,"38":2,"39":2,"40":2,"41":0,"42":2,"43":2,"44":2,"45":1,"46":3,"47":1,"48":1,"49":1,"50":1,"51":1,"52":1,"53":1,"54":1,"55":1,"56":1,"57":0,"58":1,"59":6,"60":6,"61":1,"62":2,"63":0,"64":2,"65":1,"66":1,"67":0,"68":0,"69":0,"70":0,"71":0,"72":0,"73":0,"74":0,"75":0,"76":0,"77":0,"78":0,"79":0,"80":0,"81":0,"82":0,"83":0},"b":{"1":[2,1,1,1],"2":[1,1,1,1],"3":[1,1],"4":[2,2],"5":[1,1],"6":[1,1],"7":[2,0],"8":[2,1,1,1,1,1],"9":[0,2,0],"10":[1,1],"11":[2,1,1],"12":[1,0],"13":[0,2],"14":[2,0,0,0,0,0,0],"15":[0,2],"16":[2,0],"17":[1,1],"18":[0,1],"19":[1,2,0,2],"20":[1,0],"21":[1,1],"22":[0,0],"23":[0,0],"24":[0,0],"25":[0,0],"26":[0,0],"27":[0,0],"28":[0,0]},"f":{"1":2,"2":2,"3":2,"4":2,"5":2,"6":2,"7":2,"8":2,"9":3,"10":1,"11":6,"12":0},"fnMap":{"1":{"name":"(anonymous_1)","line":26,"loc":{"start":{"line":26,"column":1},"end":{"line":26,"column":13}}},"2":{"name":"(anonymous_2)","line":33,"loc":{"start":{"line":33,"column":5},"end":{"line":33,"column":17}}},"3":{"name":"(anonymous_3)","line":37,"loc":{"start":{"line":37,"column":24},"end":{"line":37,"column":36}}},"4":{"name":"(anonymous_4)","line":69,"loc":{"start":{"line":69,"column":31},"end":{"line":69,"column":48}},"skip":true},"5":{"name":"(anonymous_5)","line":78,"loc":{"start":{"line":78,"column":26},"end":{"line":78,"column":45}},"skip":true},"6":{"name":"(anonymous_6)","line":123,"loc":{"start":{"line":123,"column":33},"end":{"line":123,"column":48}},"skip":true},"7":{"name":"(anonymous_7)","line":125,"loc":{"start":{"line":125,"column":27},"end":{"line":125,"column":39}},"skip":true},"8":{"name":"(anonymous_8)","line":133,"loc":{"start":{"line":133,"column":59},"end":{"line":133,"column":74}},"skip":true},"9":{"name":"(anonymous_9)","line":143,"loc":{"start":{"line":143,"column":45},"end":{"line":143,"column":62}},"skip":true},"10":{"name":"(anonymous_10)","line":144,"loc":{"start":{"line":144,"column":73},"end":{"line":144,"column":92}},"skip":true},"11":{"name":"(anonymous_11)","line":272,"loc":{"start":{"line":272,"column":51},"end":{"line":272,"column":77}},"skip":true},"12":{"name":"(anonymous_12)","line":314,"loc":{"start":{"line":314,"column":32},"end":{"line":314,"column":61}},"skip":true}},"statementMap":{"1":{"start":{"line":26,"column":0},"end":{"line":325,"column":5}},"2":{"start":{"line":28,"column":4},"end":{"line":28,"column":14}},"3":{"start":{"line":33,"column":4},"end":{"line":60,"column":9}},"4":{"start":{"line":35,"column":8},"end":{"line":35,"column":19}},"5":{"start":{"line":37,"column":8},"end":{"line":49,"column":13}},"6":{"start":{"line":38,"column":12},"end":{"line":48,"column":13}},"7":{"start":{"line":39,"column":16},"end":{"line":42,"column":30}},"8":{"start":{"line":44,"column":16},"end":{"line":47,"column":27}},"9":{"start":{"line":51,"column":8},"end":{"line":53,"column":21}},"10":{"start":{"line":55,"column":8},"end":{"line":57,"column":45}},"11":{"start":{"line":59,"column":8},"end":{"line":59,"column":35}},"12":{"start":{"line":61,"column":4},"end":{"line":324,"column":5}},"13":{"start":{"line":69,"column":8},"end":{"line":121,"column":10},"skip":true},"14":{"start":{"line":70,"column":12},"end":{"line":88,"column":13},"skip":true},"15":{"start":{"line":76,"column":16},"end":{"line":87,"column":19},"skip":true},"16":{"start":{"line":79,"column":20},"end":{"line":86,"column":21},"skip":true},"17":{"start":{"line":82,"column":24},"end":{"line":82,"column":43},"skip":true},"18":{"start":{"line":83,"column":24},"end":{"line":83,"column":30},"skip":true},"19":{"start":{"line":85,"column":24},"end":{"line":85,"column":49},"skip":true},"20":{"start":{"line":89,"column":12},"end":{"line":107,"column":13},"skip":true},"21":{"start":{"line":92,"column":16},"end":{"line":102,"column":17},"skip":true},"22":{"start":{"line":93,"column":20},"end":{"line":93,"column":86},"skip":true},"23":{"start":{"line":94,"column":20},"end":{"line":95,"column":45},"skip":true},"24":{"start":{"line":96,"column":20},"end":{"line":96,"column":42},"skip":true},"25":{"start":{"line":97,"column":20},"end":{"line":97,"column":48},"skip":true},"26":{"start":{"line":100,"column":20},"end":{"line":100,"column":85},"skip":true},"27":{"start":{"line":101,"column":20},"end":{"line":101,"column":96},"skip":true},"28":{"start":{"line":103,"column":16},"end":{"line":103,"column":22},"skip":true},"29":{"start":{"line":106,"column":16},"end":{"line":106,"column":22},"skip":true},"30":{"start":{"line":108,"column":12},"end":{"line":120,"column":13},"skip":true},"31":{"start":{"line":114,"column":16},"end":{"line":119,"column":17},"skip":true},"32":{"start":{"line":116,"column":20},"end":{"line":116,"column":78},"skip":true},"33":{"start":{"line":118,"column":20},"end":{"line":118,"column":53},"skip":true},"34":{"start":{"line":123,"column":8},"end":{"line":141,"column":11},"skip":true},"35":{"start":{"line":124,"column":12},"end":{"line":124,"column":54},"skip":true},"36":{"start":{"line":125,"column":12},"end":{"line":140,"column":14},"skip":true},"37":{"start":{"line":126,"column":16},"end":{"line":126,"column":28},"skip":true},"38":{"start":{"line":127,"column":16},"end":{"line":127,"column":69},"skip":true},"39":{"start":{"line":128,"column":16},"end":{"line":128,"column":75},"skip":true},"40":{"start":{"line":129,"column":16},"end":{"line":131,"column":17},"skip":true},"41":{"start":{"line":130,"column":20},"end":{"line":130,"column":27},"skip":true},"42":{"start":{"line":133,"column":16},"end":{"line":137,"column":36},"skip":true},"43":{"start":{"line":134,"column":20},"end":{"line":136,"column":55},"skip":true},"44":{"start":{"line":139,"column":16},"end":{"line":139,"column":57},"skip":true},"45":{"start":{"line":143,"column":8},"end":{"line":147,"column":11},"skip":true},"46":{"start":{"line":144,"column":12},"end":{"line":146,"column":15},"skip":true},"47":{"start":{"line":145,"column":16},"end":{"line":145,"column":70},"skip":true},"48":{"start":{"line":149,"column":8},"end":{"line":149,"column":31},"skip":true},"49":{"start":{"line":150,"column":8},"end":{"line":150,"column":14},"skip":true},"50":{"start":{"line":158,"column":8},"end":{"line":158,"column":31},"skip":true},"51":{"start":{"line":160,"column":8},"end":{"line":160,"column":33},"skip":true},"52":{"start":{"line":161,"column":8},"end":{"line":161,"column":37},"skip":true},"53":{"start":{"line":162,"column":8},"end":{"line":162,"column":35},"skip":true},"54":{"start":{"line":164,"column":8},"end":{"line":164,"column":50},"skip":true},"55":{"start":{"line":166,"column":8},"end":{"line":256,"column":2},"skip":true},"56":{"start":{"line":258,"column":8},"end":{"line":286,"column":9},"skip":true},"57":{"start":{"line":259,"column":12},"end":{"line":269,"column":14},"skip":true},"58":{"start":{"line":271,"column":12},"end":{"line":285,"column":19},"skip":true},"59":{"start":{"line":274,"column":20},"end":{"line":274,"column":35},"skip":true},"60":{"start":{"line":275,"column":20},"end":{"line":284,"column":21},"skip":true},"61":{"start":{"line":277,"column":24},"end":{"line":277,"column":64},"skip":true},"62":{"start":{"line":279,"column":24},"end":{"line":279,"column":40},"skip":true},"63":{"start":{"line":281,"column":24},"end":{"line":281,"column":40},"skip":true},"64":{"start":{"line":283,"column":24},"end":{"line":283,"column":39},"skip":true},"65":{"start":{"line":288,"column":8},"end":{"line":290,"column":9},"skip":true},"66":{"start":{"line":289,"column":12},"end":{"line":289,"column":18},"skip":true},"67":{"start":{"line":291,"column":8},"end":{"line":293,"column":54},"skip":true},"68":{"start":{"line":294,"column":8},"end":{"line":301,"column":37},"skip":true},"69":{"start":{"line":302,"column":8},"end":{"line":302,"column":82},"skip":true},"70":{"start":{"line":305,"column":8},"end":{"line":307,"column":9},"skip":true},"71":{"start":{"line":306,"column":12},"end":{"line":306,"column":82},"skip":true},"72":{"start":{"line":309,"column":8},"end":{"line":311,"column":9},"skip":true},"73":{"start":{"line":310,"column":12},"end":{"line":310,"column":18},"skip":true},"74":{"start":{"line":312,"column":8},"end":{"line":312,"column":54},"skip":true},"75":{"start":{"line":313,"column":8},"end":{"line":313,"column":69},"skip":true},"76":{"start":{"line":314,"column":8},"end":{"line":322,"column":36},"skip":true},"77":{"start":{"line":315,"column":12},"end":{"line":315,"column":61},"skip":true},"78":{"start":{"line":316,"column":12},"end":{"line":319,"column":13},"skip":true},"79":{"start":{"line":317,"column":16},"end":{"line":317,"column":75},"skip":true},"80":{"start":{"line":318,"column":16},"end":{"line":318,"column":23},"skip":true},"81":{"start":{"line":320,"column":12},"end":{"line":320,"column":38},"skip":true},"82":{"start":{"line":321,"column":12},"end":{"line":321,"column":27},"skip":true},"83":{"start":{"line":323,"column":8},"end":{"line":323,"column":14},"skip":true}},"branchMap":{"1":{"line":39,"type":"binary-expr","locations":[{"start":{"line":39,"column":23},"end":{"line":39,"column":62}},{"start":{"line":40,"column":20},"end":{"line":40,"column":70}},{"start":{"line":41,"column":20},"end":{"line":41,"column":71}},{"start":{"line":42,"column":20},"end":{"line":42,"column":29}}]},"2":{"line":44,"type":"binary-expr","locations":[{"start":{"line":44,"column":23},"end":{"line":44,"column":37}},{"start":{"line":45,"column":20},"end":{"line":45,"column":61}},{"start":{"line":46,"column":20},"end":{"line":46,"column":70}},{"start":{"line":47,"column":20},"end":{"line":47,"column":26}}]},"3":{"line":51,"type":"cond-expr","locations":[{"start":{"line":52,"column":14},"end":{"line":52,"column":20}},{"start":{"line":53,"column":14},"end":{"line":53,"column":20}}]},"4":{"line":55,"type":"binary-expr","locations":[{"start":{"line":55,"column":16},"end":{"line":55,"column":44}},{"start":{"line":55,"column":49},"end":{"line":57,"column":43}}]},"5":{"line":55,"type":"cond-expr","locations":[{"start":{"line":56,"column":14},"end":{"line":56,"column":48}},{"start":{"line":57,"column":14},"end":{"line":57,"column":43}}]},"6":{"line":61,"type":"switch","locations":[{"start":{"line":68,"column":4},"end":{"line":150,"column":14},"skip":true},{"start":{"line":156,"column":4},"end":{"line":323,"column":14},"skip":true}]},"7":{"line":70,"type":"if","locations":[{"start":{"line":70,"column":12},"end":{"line":70,"column":12},"skip":true},{"start":{"line":70,"column":12},"end":{"line":70,"column":12},"skip":true}]},"8":{"line":70,"type":"binary-expr","locations":[{"start":{"line":70,"column":16},"end":{"line":70,"column":22},"skip":true},{"start":{"line":70,"column":27},"end":{"line":70,"column":32},"skip":true},{"start":{"line":71,"column":20},"end":{"line":71,"column":39},"skip":true},{"start":{"line":72,"column":20},"end":{"line":72,"column":49},"skip":true},{"start":{"line":73,"column":20},"end":{"line":73,"column":58},"skip":true},{"start":{"line":74,"column":20},"end":{"line":74,"column":69},"skip":true}]},"9":{"line":79,"type":"switch","locations":[{"start":{"line":80,"column":20},"end":{"line":80,"column":33},"skip":true},{"start":{"line":81,"column":20},"end":{"line":83,"column":30},"skip":true},{"start":{"line":84,"column":20},"end":{"line":85,"column":49},"skip":true}]},"10":{"line":89,"type":"switch","locations":[{"start":{"line":90,"column":12},"end":{"line":103,"column":22},"skip":true},{"start":{"line":105,"column":12},"end":{"line":106,"column":22},"skip":true}]},"11":{"line":89,"type":"binary-expr","locations":[{"start":{"line":89,"column":20},"end":{"line":89,"column":25},"skip":true},{"start":{"line":89,"column":29},"end":{"line":89,"column":48},"skip":true},{"start":{"line":89,"column":52},"end":{"line":89,"column":74},"skip":true}]},"12":{"line":92,"type":"if","locations":[{"start":{"line":92,"column":16},"end":{"line":92,"column":16},"skip":true},{"start":{"line":92,"column":16},"end":{"line":92,"column":16},"skip":true}]},"13":{"line":108,"type":"if","locations":[{"start":{"line":108,"column":12},"end":{"line":108,"column":12},"skip":true},{"start":{"line":108,"column":12},"end":{"line":108,"column":12},"skip":true}]},"14":{"line":108,"type":"binary-expr","locations":[{"start":{"line":108,"column":16},"end":{"line":108,"column":61},"skip":true},{"start":{"line":108,"column":66},"end":{"line":108,"column":72},"skip":true},{"start":{"line":108,"column":77},"end":{"line":108,"column":82},"skip":true},{"start":{"line":109,"column":20},"end":{"line":109,"column":39},"skip":true},{"start":{"line":110,"column":20},"end":{"line":110,"column":49},"skip":true},{"start":{"line":111,"column":20},"end":{"line":111,"column":58},"skip":true},{"start":{"line":112,"column":20},"end":{"line":112,"column":68},"skip":true}]},"15":{"line":129,"type":"if","locations":[{"start":{"line":129,"column":16},"end":{"line":129,"column":16},"skip":true},{"start":{"line":129,"column":16},"end":{"line":129,"column":16},"skip":true}]},"16":{"line":134,"type":"cond-expr","locations":[{"start":{"line":135,"column":26},"end":{"line":135,"column":29},"skip":true},{"start":{"line":136,"column":26},"end":{"line":136,"column":54},"skip":true}]},"17":{"line":164,"type":"binary-expr","locations":[{"start":{"line":164,"column":27},"end":{"line":164,"column":43},"skip":true},{"start":{"line":164,"column":47},"end":{"line":164,"column":49},"skip":true}]},"18":{"line":258,"type":"if","locations":[{"start":{"line":258,"column":8},"end":{"line":258,"column":8},"skip":true},{"start":{"line":258,"column":8},"end":{"line":258,"column":8},"skip":true}]},"19":{"line":275,"type":"switch","locations":[{"start":{"line":276,"column":20},"end":{"line":277,"column":64},"skip":true},{"start":{"line":278,"column":20},"end":{"line":279,"column":40},"skip":true},{"start":{"line":280,"column":20},"end":{"line":281,"column":40},"skip":true},{"start":{"line":282,"column":20},"end":{"line":283,"column":39},"skip":true}]},"20":{"line":288,"type":"if","locations":[{"start":{"line":288,"column":8},"end":{"line":288,"column":8},"skip":true},{"start":{"line":288,"column":8},"end":{"line":288,"column":8},"skip":true}]},"21":{"line":288,"type":"binary-expr","locations":[{"start":{"line":288,"column":12},"end":{"line":288,"column":40},"skip":true},{"start":{"line":288,"column":44},"end":{"line":288,"column":67},"skip":true}]},"22":{"line":292,"type":"binary-expr","locations":[{"start":{"line":292,"column":12},"end":{"line":292,"column":50},"skip":true},{"start":{"line":293,"column":12},"end":{"line":293,"column":53},"skip":true}]},"23":{"line":295,"type":"binary-expr","locations":[{"start":{"line":295,"column":12},"end":{"line":295,"column":62},"skip":true},{"start":{"line":296,"column":12},"end":{"line":301,"column":36},"skip":true}]},"24":{"line":302,"type":"binary-expr","locations":[{"start":{"line":302,"column":43},"end":{"line":302,"column":75},"skip":true},{"start":{"line":302,"column":79},"end":{"line":302,"column":81},"skip":true}]},"25":{"line":305,"type":"if","locations":[{"start":{"line":305,"column":8},"end":{"line":305,"column":8},"skip":true},{"start":{"line":305,"column":8},"end":{"line":305,"column":8},"skip":true}]},"26":{"line":309,"type":"if","locations":[{"start":{"line":309,"column":8},"end":{"line":309,"column":8},"skip":true},{"start":{"line":309,"column":8},"end":{"line":309,"column":8},"skip":true}]},"27":{"line":312,"type":"binary-expr","locations":[{"start":{"line":312,"column":27},"end":{"line":312,"column":43},"skip":true},{"start":{"line":312,"column":47},"end":{"line":312,"column":53},"skip":true}]},"28":{"line":316,"type":"if","locations":[{"start":{"line":316,"column":12},"end":{"line":316,"column":12},"skip":true},{"start":{"line":316,"column":12},"end":{"line":316,"column":12},"skip":true}]}},"code":["/*","example.js","","quickstart example","","instruction","    1. save this script as example.js","    2. run the shell command:","        $ npm install npmtest-imap && PORT=8081 node example.js","    3. play with the browser-demo on http://127.0.0.1:8081","*/","","","","/* istanbul instrument in package npmtest_imap */","/*jslint","    bitwise: true,","    browser: true,","    maxerr: 8,","    maxlen: 96,","    node: true,","    nomen: true,","    regexp: true,","    stupid: true","*/","(function () {","    'use strict';","    var local;","","","","    // run shared js-env code - pre-init","    (function () {","        // init local","        local = {};","        // init modeJs","        local.modeJs = (function () {","            try {","                return typeof navigator.userAgent === 'string' &&","                    typeof document.querySelector('body') === 'object' &&","                    typeof XMLHttpRequest.prototype.open === 'function' &&","                    'browser';","            } catch (errorCaughtBrowser) {","                return module.exports &&","                    typeof process.versions.node === 'string' &&","                    typeof require('http').createServer === 'function' &&","                    'node';","            }","        }());","        // init global","        local.global = local.modeJs === 'browser'","            ? window","            : global;","        // init utility2_rollup","        local = local.global.utility2_rollup || (local.modeJs === 'browser'","            ? local.global.utility2_npmtest_imap","            : global.utility2_moduleExports);","        // export local","        local.global.local = local;","    }());","    switch (local.modeJs) {","","","","    // post-init","    // run browser js-env code - post-init","    /* istanbul ignore next */","    case 'browser':","        local.testRunBrowser = function (event) {","            if (!event || (event &&","                    event.currentTarget &&","                    event.currentTarget.className &&","                    event.currentTarget.className.includes &&","                    event.currentTarget.className.includes('onreset'))) {","                // reset output","                Array.from(","                    document.querySelectorAll('body > .resettable')","                ).forEach(function (element) {","                    switch (element.tagName) {","                    case 'INPUT':","                    case 'TEXTAREA':","                        element.value = '';","                        break;","                    default:","                        element.textContent = '';","                    }","                });","            }","            switch (event && event.currentTarget && event.currentTarget.id) {","            case 'testRunButton1':","                // show tests","                if (document.querySelector('#testReportDiv1').style.display === 'none') {","                    document.querySelector('#testReportDiv1').style.display = 'block';","                    document.querySelector('#testRunButton1').textContent =","                        'hide internal test';","                    local.modeTest = true;","                    local.testRunDefault(local);","                // hide tests","                } else {","                    document.querySelector('#testReportDiv1').style.display = 'none';","                    document.querySelector('#testRunButton1').textContent = 'run internal test';","                }","                break;","            // custom-case","            default:","                break;","            }","            if (document.querySelector('#inputTextareaEval1') && (!event || (event &&","                    event.currentTarget &&","                    event.currentTarget.className &&","                    event.currentTarget.className.includes &&","                    event.currentTarget.className.includes('oneval')))) {","                // try to eval input-code","                try {","                    /*jslint evil: true*/","                    eval(document.querySelector('#inputTextareaEval1').value);","                } catch (errorCaught) {","                    console.error(errorCaught.stack);","                }","            }","        };","        // log stderr and stdout to #outputTextareaStdout1","        ['error', 'log'].forEach(function (key) {","            console[key + '_original'] = console[key];","            console[key] = function () {","                var element;","                console[key + '_original'].apply(console, arguments);","                element = document.querySelector('#outputTextareaStdout1');","                if (!element) {","                    return;","                }","                // append text to #outputTextareaStdout1","                element.value += Array.from(arguments).map(function (arg) {","                    return typeof arg === 'string'","                        ? arg","                        : JSON.stringify(arg, null, 4);","                }).join(' ') + '\\n';","                // scroll textarea to bottom","                element.scrollTop = element.scrollHeight;","            };","        });","        // init event-handling","        ['change', 'click', 'keyup'].forEach(function (event) {","            Array.from(document.querySelectorAll('.on' + event)).forEach(function (element) {","                element.addEventListener(event, local.testRunBrowser);","            });","        });","        // run tests","        local.testRunBrowser();","        break;","","","","    // run node js-env code - post-init","    /* istanbul ignore next */","    case 'node':","        // export local","        module.exports = local;","        // require modules","        local.fs = require('fs');","        local.http = require('http');","        local.url = require('url');","        // init assets","        local.assetsDict = local.assetsDict || {};","        /* jslint-ignore-begin */","        local.assetsDict['/assets.index.template.html'] = '\\","<!doctype html>\\n\\","<html lang=\"en\">\\n\\","<head>\\n\\","<meta charset=\"UTF-8\">\\n\\","<meta name=\"viewport\" content=\"width=device-width, initial-scale=1\">\\n\\","<title>{{env.npm_package_name}} (v{{env.npm_package_version}})</title>\\n\\","<style>\\n\\","/*csslint\\n\\","    box-sizing: false,\\n\\","    universal-selector: false\\n\\","*/\\n\\","* {\\n\\","    box-sizing: border-box;\\n\\","}\\n\\","body {\\n\\","    background: #dde;\\n\\","    font-family: Arial, Helvetica, sans-serif;\\n\\","    margin: 2rem;\\n\\","}\\n\\","body > * {\\n\\","    margin-bottom: 1rem;\\n\\","}\\n\\",".utility2FooterDiv {\\n\\","    margin-top: 20px;\\n\\","    text-align: center;\\n\\","}\\n\\","</style>\\n\\","<style>\\n\\","/*csslint\\n\\","*/\\n\\","textarea {\\n\\","    font-family: monospace;\\n\\","    height: 10rem;\\n\\","    width: 100%;\\n\\","}\\n\\","textarea[readonly] {\\n\\","    background: #ddd;\\n\\","}\\n\\","</style>\\n\\","</head>\\n\\","<body>\\n\\","<!-- utility2-comment\\n\\","<div id=\"ajaxProgressDiv1\" style=\"background: #d00; height: 2px; left: 0; margin: 0; padding: 0; position: fixed; top: 0; transition: background 0.5s, width 1.5s; width: 25%;\"></div>\\n\\","utility2-comment -->\\n\\","<h1>\\n\\","<!-- utility2-comment\\n\\","    <a\\n\\","        {{#if env.npm_package_homepage}}\\n\\","        href=\"{{env.npm_package_homepage}}\"\\n\\","        {{/if env.npm_package_homepage}}\\n\\","        target=\"_blank\"\\n\\","    >\\n\\","utility2-comment -->\\n\\","        {{env.npm_package_name}} (v{{env.npm_package_version}})\\n\\","<!-- utility2-comment\\n\\","    </a>\\n\\","utility2-comment -->\\n\\","</h1>\\n\\","<h3>{{env.npm_package_description}}</h3>\\n\\","<!-- utility2-comment\\n\\","<h4><a download href=\"assets.app.js\">download standalone app</a></h4>\\n\\","<button class=\"onclick onreset\" id=\"testRunButton1\">run internal test</button><br>\\n\\","<div id=\"testReportDiv1\" style=\"display: none;\"></div>\\n\\","utility2-comment -->\\n\\","\\n\\","\\n\\","\\n\\","<label>stderr and stdout</label>\\n\\","<textarea class=\"resettable\" id=\"outputTextareaStdout1\" readonly></textarea>\\n\\","<!-- utility2-comment\\n\\","{{#if isRollup}}\\n\\","<script src=\"assets.app.js\"></script>\\n\\","{{#unless isRollup}}\\n\\","utility2-comment -->\\n\\","<script src=\"assets.utility2.rollup.js\"></script>\\n\\","<script src=\"jsonp.utility2._stateInit?callback=window.utility2._stateInit\"></script>\\n\\","<script src=\"assets.npmtest_imap.rollup.js\"></script>\\n\\","<script src=\"assets.example.js\"></script>\\n\\","<script src=\"assets.test.js\"></script>\\n\\","<!-- utility2-comment\\n\\","{{/if isRollup}}\\n\\","utility2-comment -->\\n\\","<div class=\"utility2FooterDiv\">\\n\\","    [ this app was created with\\n\\","    <a href=\"https://github.com/kaizhu256/node-utility2\" target=\"_blank\">utility2</a>\\n\\","    ]\\n\\","</div>\\n\\","</body>\\n\\","</html>\\n\\","';","        /* jslint-ignore-end */","        if (local.templateRender) {","            local.assetsDict['/'] = local.templateRender(","                local.assetsDict['/assets.index.template.html'],","                {","                    env: local.objectSetDefault(local.env, {","                        npm_package_description: 'the greatest app in the world!',","                        npm_package_name: 'my-app',","                        npm_package_nameAlias: 'my_app',","                        npm_package_version: '0.0.1'","                    })","                }","            );","        } else {","            local.assetsDict['/'] = local.assetsDict['/assets.index.template.html']","                .replace((/\\{\\{env\\.(\\w+?)\\}\\}/g), function (match0, match1) {","                    // jslint-hack","                    String(match0);","                    switch (match1) {","                    case 'npm_package_description':","                        return 'the greatest app in the world!';","                    case 'npm_package_name':","                        return 'my-app';","                    case 'npm_package_nameAlias':","                        return 'my_app';","                    case 'npm_package_version':","                        return '0.0.1';","                    }","                });","        }","        // run the cli","        if (local.global.utility2_rollup || module !== require.main) {","            break;","        }","        local.assetsDict['/assets.example.js'] =","            local.assetsDict['/assets.example.js'] ||","            local.fs.readFileSync(__filename, 'utf8');","        local.assetsDict['/assets.npmtest_imap.rollup.js'] =","            local.assetsDict['/assets.npmtest_imap.rollup.js'] ||","            local.fs.readFileSync(","                // buildCustomOrg-hack","                local.npmtest_imap.__dirname +","                    '/lib.npmtest_imap.js',","                'utf8'","            ).replace((/^#!/), '//');","        local.assetsDict['/favicon.ico'] = local.assetsDict['/favicon.ico'] || '';","        // if $npm_config_timeout_exit exists,","        // then exit this process after $npm_config_timeout_exit ms","        if (Number(process.env.npm_config_timeout_exit)) {","            setTimeout(process.exit, Number(process.env.npm_config_timeout_exit));","        }","        // start server","        if (local.global.utility2_serverHttp1) {","            break;","        }","        process.env.PORT = process.env.PORT || '8081';","        console.error('server starting on port ' + process.env.PORT);","        local.http.createServer(function (request, response) {","            request.urlParsed = local.url.parse(request.url);","            if (local.assetsDict[request.urlParsed.pathname] !== undefined) {","                response.end(local.assetsDict[request.urlParsed.pathname]);","                return;","            }","            response.statusCode = 404;","            response.end();","        }).listen(process.env.PORT);","        break;","    }","}());",""],"l":{"26":2,"28":2,"33":2,"35":2,"37":2,"38":2,"39":2,"44":1,"51":2,"55":2,"59":2,"61":2,"69":1,"70":2,"76":2,"79":2,"82":2,"83":2,"85":1,"89":2,"92":1,"93":1,"94":1,"96":1,"97":1,"100":1,"101":1,"103":1,"106":1,"108":2,"114":1,"116":1,"118":1,"123":1,"124":2,"125":2,"126":2,"127":2,"128":2,"129":2,"130":1,"133":2,"134":2,"139":2,"143":1,"144":3,"145":1,"149":1,"150":1,"158":1,"160":1,"161":1,"162":1,"164":1,"166":1,"258":1,"259":1,"271":1,"274":6,"275":6,"277":1,"279":2,"281":1,"283":2,"288":1,"289":1,"291":1,"294":1,"302":1,"305":1,"306":1,"309":1,"310":1,"312":1,"313":1,"314":1,"315":1,"316":1,"317":1,"318":1,"320":1,"321":1,"323":1}},"/home/travis/build/npmtest/node-npmtest-imap/imap/lib/Connection.js":{"path":"/home/travis/build/npmtest/node-npmtest-imap/imap/lib/Connection.js","s":{"1":1,"2":1,"3":1,"4":1,"5":0,"6":0,"7":0,"8":0,"9":0,"10":0,"11":0,"12":0,"13":0,"14":0,"15":0,"16":0,"17":0,"18":0,"19":0,"20":0,"21":0,"22":0,"23":0,"24":1,"25":1,"26":0,"27":0,"28":0,"29":0,"30":0,"31":0,"32":0,"33":0,"34":0,"35":0,"36":0,"37":0,"38":0,"39":0,"40":0,"41":0,"42":0,"43":0,"44":0,"45":0,"46":0,"47":0,"48":0,"49":0,"50":0,"51":0,"52":1,"53":0,"54":0,"55":0,"56":0,"57":0,"58":0,"59":0,"60":0,"61":0,"62":0,"63":0,"64":0,"65":0,"66":0,"67":0,"68":0,"69":0,"70":0,"71":0,"72":0,"73":0,"74":0,"75":0,"76":0,"77":0,"78":0,"79":0,"80":0,"81":0,"82":0,"83":0,"84":0,"85":0,"86":0,"87":0,"88":0,"89":0,"90":0,"91":0,"92":0,"93":0,"94":0,"95":0,"96":0,"97":0,"98":0,"99":0,"100":0,"101":0,"102":0,"103":0,"104":0,"105":0,"106":0,"107":0,"108":0,"109":0,"110":0,"111":0,"112":0,"113":0,"114":0,"115":0,"116":0,"117":0,"118":0,"119":0,"120":0,"121":0,"122":0,"123":0,"124":0,"125":0,"126":0,"127":0,"128":0,"129":0,"130":0,"131":0,"132":0,"133":0,"134":0,"135":0,"136":0,"137":0,"138":0,"139":0,"140":0,"141":0,"142":0,"143":0,"144":0,"145":0,"146":0,"147":0,"148":0,"149":1,"150":0,"151":1,"152":0,"153":0,"154":0,"155":1,"156":0,"157":0,"158":0,"159":0,"160":0,"161":1,"162":0,"163":0,"164":0,"165":0,"166":0,"167":0,"168":0,"169":0,"170":0,"171":0,"172":0,"173":0,"174":0,"175":0,"176":0,"177":0,"178":0,"179":0,"180":0,"181":0,"182":0,"183":0,"184":0,"185":0,"186":0,"187":0,"188":0,"189":0,"190":0,"191":0,"192":0,"193":0,"194":0,"195":0,"196":0,"197":0,"198":0,"199":0,"200":0,"201":0,"202":0,"203":0,"204":0,"205":0,"206":1,"207":0,"208":1,"209":0,"210":0,"211":0,"212":0,"213":0,"214":1,"215":0,"216":0,"217":0,"218":0,"219":0,"220":0,"221":0,"222":0,"223":0,"224":0,"225":0,"226":0,"227":0,"228":0,"229":0,"230":0,"231":0,"232":1,"233":0,"234":0,"235":0,"236":0,"237":0,"238":0,"239":0,"240":0,"241":0,"242":0,"243":0,"244":0,"245":0,"246":0,"247":0,"248":0,"249":1,"250":0,"251":0,"252":0,"253":0,"254":0,"255":0,"256":0,"257":0,"258":0,"259":0,"260":0,"261":0,"262":0,"263":0,"264":0,"265":0,"266":0,"267":0,"268":0,"269":0,"270":1,"271":0,"272":1,"273":0,"274":1,"275":0,"276":0,"277":0,"278":0,"279":0,"280":0,"281":0,"282":0,"283":1,"284":0,"285":1,"286":0,"287":1,"288":0,"289":0,"290":0,"291":0,"292":0,"293":1,"294":0,"295":0,"296":0,"297":0,"298":0,"299":0,"300":0,"301":0,"302":1,"303":0,"304":0,"305":0,"306":0,"307":0,"308":0,"309":0,"310":0,"311":0,"312":0,"313":0,"314":0,"315":0,"316":0,"317":1,"318":0,"319":1,"320":0,"321":0,"322":0,"323":0,"324":0,"325":0,"326":0,"327":0,"328":0,"329":0,"330":0,"331":0,"332":0,"333":0,"334":1,"335":0,"336":1,"337":0,"338":1,"339":0,"340":1,"341":0,"342":1,"343":0,"344":1,"345":0,"346":1,"347":0,"348":0,"349":0,"350":0,"351":0,"352":0,"353":0,"354":0,"355":0,"356":0,"357":0,"358":0,"359":0,"360":0,"361":0,"362":0,"363":0,"364":0,"365":0,"366":0,"367":0,"368":0,"369":0,"370":0,"371":0,"372":0,"373":1,"374":0,"375":1,"376":0,"377":0,"378":0,"379":0,"380":0,"381":0,"382":0,"383":0,"384":0,"385":1,"386":0,"387":1,"388":0,"389":0,"390":0,"391":0,"392":0,"393":0,"394":0,"395":0,"396":0,"397":0,"398":0,"399":0,"400":0,"401":0,"402":0,"403":0,"404":0,"405":0,"406":0,"407":0,"408":0,"409":0,"410":0,"411":0,"412":0,"413":0,"414":0,"415":0,"416":0,"417":0,"418":0,"419":0,"420":0,"421":0,"422":0,"423":0,"424":0,"425":0,"426":0,"427":0,"428":0,"429":0,"430":0,"431":0,"432":0,"433":0,"434":0,"435":0,"436":0,"437":0,"438":1,"439":0,"440":1,"441":0,"442":0,"443":0,"444":0,"445":0,"446":0,"447":0,"448":0,"449":0,"450":0,"451":0,"452":0,"453":0,"454":0,"455":0,"456":0,"457":0,"458":0,"459":0,"460":0,"461":0,"462":0,"463":0,"464":0,"465":0,"466":0,"467":0,"468":0,"469":0,"470":0,"471":0,"472":0,"473":0,"474":0,"475":0,"476":0,"477":0,"478":0,"479":0,"480":0,"481":0,"482":0,"483":0,"484":0,"485":0,"486":0,"487":0,"488":0,"489":0,"490":0,"491":0,"492":0,"493":0,"494":1,"495":0,"496":1,"497":0,"498":1,"499":0,"500":1,"501":0,"502":0,"503":0,"504":0,"505":0,"506":0,"507":0,"508":0,"509":0,"510":0,"511":0,"512":0,"513":0,"514":0,"515":0,"516":0,"517":0,"518":0,"519":0,"520":1,"521":0,"522":1,"523":0,"524":0,"525":0,"526":0,"527":0,"528":0,"529":0,"530":0,"531":0,"532":0,"533":0,"534":0,"535":0,"536":0,"537":0,"538":0,"539":0,"540":0,"541":0,"542":0,"543":0,"544":0,"545":0,"546":0,"547":0,"548":0,"549":0,"550":0,"551":0,"552":1,"553":0,"554":1,"555":0,"556":0,"557":0,"558":0,"559":0,"560":0,"561":0,"562":0,"563":0,"564":0,"565":0,"566":0,"567":0,"568":0,"569":0,"570":0,"571":0,"572":0,"573":0,"574":0,"575":1,"576":0,"577":0,"578":0,"579":0,"580":0,"581":0,"582":0,"583":0,"584":0,"585":0,"586":0,"587":0,"588":0,"589":1,"590":0,"591":0,"592":0,"593":0,"594":0,"595":1,"596":0,"597":0,"598":0,"599":0,"600":0,"601":0,"602":0,"603":0,"604":0,"605":1,"606":0,"607":1,"608":0,"609":0,"610":0,"611":0,"612":0,"613":0,"614":0,"615":0,"616":0,"617":0,"618":0,"619":0,"620":1,"621":0,"622":1,"623":0,"624":1,"625":0,"626":1,"627":0,"628":1,"629":0,"630":1,"631":0,"632":1,"633":0,"634":0,"635":0,"636":0,"637":0,"638":0,"639":0,"640":0,"641":0,"642":0,"643":0,"644":0,"645":0,"646":0,"647":0,"648":0,"649":0,"650":0,"651":0,"652":0,"653":0,"654":0,"655":0,"656":0,"657":1,"658":0,"659":0,"660":0,"661":0,"662":0,"663":0,"664":0,"665":0,"666":0,"667":0,"668":0,"669":0,"670":0,"671":0,"672":0,"673":0,"674":0,"675":0,"676":0,"677":0,"678":0,"679":0,"680":0,"681":0,"682":0,"683":0,"684":0,"685":0,"686":0,"687":0,"688":0,"689":0,"690":0,"691":0,"692":0,"693":0,"694":0,"695":0,"696":0,"697":0,"698":0,"699":0,"700":0,"701":0,"702":0,"703":0,"704":0,"705":0,"706":0,"707":0,"708":0,"709":0,"710":0,"711":0,"712":0,"713":0,"714":0,"715":0,"716":0,"717":0,"718":0,"719":0,"720":0,"721":0,"722":0,"723":0,"724":0,"725":0,"726":0,"727":0,"728":0,"729":0,"730":0,"731":0,"732":0,"733":0,"734":0,"735":0,"736":0,"737":0,"738":0,"739":0,"740":0,"741":0,"742":0,"743":0,"744":0,"745":0,"746":0,"747":0,"748":0,"749":0,"750":0,"751":0,"752":0,"753":0,"754":0,"755":0,"756":0,"757":0,"758":0,"759":0,"760":0,"761":0,"762":0,"763":0,"764":0,"765":0,"766":0,"767":0,"768":0,"769":0,"770":0,"771":0,"772":0,"773":0,"774":0,"775":0,"776":0,"777":0,"778":0,"779":0,"780":0,"781":0,"782":0,"783":0,"784":0,"785":0,"786":0,"787":0,"788":0,"789":0,"790":0,"791":0,"792":0,"793":0,"794":0,"795":0,"796":0,"797":0,"798":0,"799":0,"800":0,"801":0,"802":0,"803":0,"804":0,"805":0,"806":0,"807":0,"808":0,"809":0,"810":0,"811":0,"812":0,"813":0,"814":0,"815":0,"816":0,"817":0,"818":0,"819":0,"820":0,"821":0,"822":0,"823":0,"824":0,"825":0,"826":0,"827":0,"828":0,"829":0,"830":0,"831":0,"832":0,"833":1,"834":0,"835":0,"836":0,"837":0,"838":0,"839":0,"840":0,"841":0,"842":0,"843":0,"844":0,"845":0,"846":0,"847":0,"848":0,"849":0,"850":0,"851":0,"852":0,"853":0,"854":0,"855":0,"856":0,"857":0,"858":0,"859":0,"860":0,"861":0,"862":0,"863":0,"864":0,"865":0,"866":0,"867":0,"868":0,"869":0,"870":1,"871":0,"872":1,"873":0,"874":0,"875":0,"876":0,"877":0,"878":0,"879":0,"880":0,"881":0,"882":0,"883":0,"884":0,"885":0,"886":0,"887":0,"888":0,"889":0,"890":0,"891":1,"892":0,"893":0,"894":0,"895":0,"896":0,"897":0,"898":0,"899":0,"900":0,"901":0,"902":0,"903":0,"904":0,"905":0,"906":0,"907":0,"908":0,"909":0,"910":0,"911":0,"912":0,"913":0,"914":0,"915":0,"916":0,"917":0,"918":0,"919":0,"920":0,"921":0,"922":0,"923":0,"924":0,"925":0,"926":0,"927":0,"928":0,"929":0,"930":0,"931":0,"932":0,"933":0,"934":0,"935":0,"936":0,"937":0,"938":1,"939":0,"940":0,"941":0,"942":0,"943":0,"944":0,"945":0,"946":0,"947":0,"948":0,"949":0,"950":0,"951":0,"952":0,"953":0,"954":0,"955":0,"956":0,"957":1,"958":0,"959":0,"960":0,"961":0,"962":0,"963":0,"964":0,"965":0,"966":0,"967":0,"968":0,"969":0,"970":0,"971":0,"972":1,"973":0,"974":0,"975":0,"976":0,"977":0,"978":0,"979":1,"980":0,"981":0,"982":0,"983":0,"984":0,"985":0,"986":0,"987":0,"988":0,"989":0,"990":0,"991":0,"992":0,"993":0,"994":0,"995":0,"996":1,"997":1,"998":1,"999":0,"1000":1,"1001":0,"1002":0,"1003":0,"1004":0,"1005":0,"1006":0,"1007":0,"1008":0,"1009":0,"1010":0,"1011":0,"1012":0,"1013":0,"1014":0,"1015":0,"1016":0,"1017":0,"1018":0,"1019":0,"1020":0,"1021":0,"1022":1,"1023":0,"1024":0,"1025":0,"1026":0,"1027":1,"1028":0,"1029":0,"1030":0,"1031":0,"1032":0,"1033":0,"1034":1,"1035":0,"1036":0,"1037":0,"1038":0,"1039":0,"1040":0,"1041":0,"1042":0,"1043":0,"1044":0,"1045":0,"1046":0,"1047":0,"1048":0,"1049":0,"1050":0,"1051":0,"1052":0,"1053":0,"1054":0,"1055":0,"1056":0,"1057":0,"1058":0,"1059":0,"1060":0,"1061":0,"1062":0,"1063":0,"1064":0,"1065":0,"1066":0,"1067":0,"1068":0,"1069":0,"1070":0,"1071":0,"1072":0,"1073":0,"1074":0,"1075":0,"1076":0,"1077":0,"1078":0,"1079":0,"1080":0,"1081":0,"1082":0,"1083":0,"1084":0,"1085":0,"1086":0,"1087":0,"1088":0,"1089":0,"1090":0,"1091":0,"1092":0,"1093":0,"1094":0,"1095":0,"1096":0,"1097":0,"1098":0,"1099":0,"1100":0,"1101":0,"1102":0,"1103":0,"1104":0,"1105":0,"1106":0,"1107":0,"1108":0,"1109":0,"1110":0,"1111":0,"1112":0,"1113":0,"1114":0,"1115":0,"1116":0,"1117":0,"1118":0,"1119":0,"1120":0,"1121":0,"1122":0,"1123":0,"1124":0,"1125":0,"1126":0,"1127":0,"1128":0,"1129":0,"1130":0,"1131":0,"1132":0,"1133":0,"1134":0,"1135":0,"1136":0,"1137":0,"1138":0,"1139":0,"1140":1,"1141":1,"1142":0,"1143":0,"1144":0,"1145":0,"1146":0,"1147":0,"1148":0,"1149":0,"1150":0,"1151":0,"1152":0,"1153":0,"1154":0,"1155":0,"1156":0,"1157":0,"1158":1,"1159":0,"1160":1,"1161":0,"1162":1,"1163":0,"1164":0,"1165":0,"1166":0,"1167":0,"1168":0,"1169":0,"1170":0,"1171":0,"1172":0,"1173":0,"1174":0,"1175":0,"1176":0,"1177":0,"1178":0,"1179":0,"1180":0,"1181":0,"1182":0,"1183":0,"1184":0,"1185":0,"1186":0,"1187":0,"1188":0,"1189":0},"b":{"1":[0,0],"2":[0,0],"3":[0,0],"4":[0,0],"5":[0,0],"6":[0,0],"7":[0,0],"8":[0,0],"9":[0,0],"10":[0,0],"11":[0,0],"12":[0,0],"13":[0,0],"14":[0,0],"15":[0,0],"16":[0,0],"17":[0,0],"18":[0,0],"19":[0,0],"20":[0,0],"21":[0,0],"22":[0,0],"23":[0,0,0,0,0,0,0],"24":[0,0],"25":[0,0],"26":[0,0],"27":[0,0],"28":[0,0],"29":[0,0],"30":[0,0],"31":[0,0],"32":[0,0],"33":[0,0,0,0],"34":[0,0],"35":[0,0],"36":[0,0],"37":[0,0],"38":[0,0],"39":[0,0],"40":[0,0],"41":[0,0],"42":[0,0],"43":[0,0],"44":[0,0],"45":[0,0],"46":[0,0],"47":[0,0],"48":[0,0],"49":[0,0],"50":[0,0],"51":[0,0],"52":[0,0],"53":[0,0],"54":[0,0],"55":[0,0],"56":[0,0],"57":[0,0],"58":[0,0],"59":[0,0],"60":[0,0],"61":[0,0],"62":[0,0],"63":[0,0],"64":[0,0],"65":[0,0],"66":[0,0],"67":[0,0],"68":[0,0],"69":[0,0],"70":[0,0],"71":[0,0],"72":[0,0,0],"73":[0,0],"74":[0,0],"75":[0,0],"76":[0,0],"77":[0,0],"78":[0,0],"79":[0,0],"80":[0,0],"81":[0,0],"82":[0,0],"83":[0,0],"84":[0,0],"85":[0,0],"86":[0,0],"87":[0,0],"88":[0,0],"89":[0,0],"90":[0,0],"91":[0,0],"92":[0,0],"93":[0,0,0,0],"94":[0,0],"95":[0,0],"96":[0,0],"97":[0,0],"98":[0,0],"99":[0,0],"100":[0,0],"101":[0,0],"102":[0,0],"103":[0,0],"104":[0,0],"105":[0,0],"106":[0,0],"107":[0,0],"108":[0,0],"109":[0,0],"110":[0,0],"111":[0,0],"112":[0,0],"113":[0,0],"114":[0,0,0],"115":[0,0],"116":[0,0],"117":[0,0],"118":[0,0],"119":[0,0],"120":[0,0],"121":[0,0],"122":[0,0],"123":[0,0],"124":[0,0],"125":[0,0],"126":[0,0,0,0],"127":[0,0],"128":[0,0],"129":[0,0],"130":[0,0],"131":[0,0],"132":[0,0],"133":[0,0],"134":[0,0],"135":[0,0],"136":[0,0],"137":[0,0],"138":[0,0],"139":[0,0],"140":[0,0],"141":[0,0],"142":[0,0],"143":[0,0,0],"144":[0,0],"145":[0,0],"146":[0,0],"147":[0,0],"148":[0,0],"149":[0,0],"150":[0,0],"151":[0,0],"152":[0,0,0,0],"153":[0,0],"154":[0,0],"155":[0,0],"156":[0,0],"157":[0,0],"158":[0,0],"159":[0,0],"160":[0,0],"161":[0,0,0,0,0,0,0,0],"162":[0,0],"163":[0,0],"164":[0,0],"165":[0,0],"166":[0,0],"167":[0,0],"168":[0,0],"169":[0,0],"170":[0,0],"171":[0,0],"172":[0,0],"173":[0,0],"174":[0,0],"175":[0,0],"176":[0,0],"177":[0,0],"178":[0,0],"179":[0,0],"180":[0,0],"181":[0,0],"182":[0,0],"183":[0,0],"184":[0,0],"185":[0,0],"186":[0,0],"187":[0,0,0],"188":[0,0],"189":[0,0],"190":[0,0],"191":[0,0],"192":[0,0],"193":[0,0],"194":[0,0],"195":[0,0],"196":[0,0],"197":[0,0],"198":[0,0],"199":[0,0],"200":[0,0],"201":[0,0],"202":[0,0],"203":[0,0],"204":[0,0],"205":[0,0],"206":[0,0],"207":[0,0],"208":[0,0],"209":[0,0],"210":[0,0],"211":[0,0],"212":[0,0],"213":[0,0],"214":[0,0],"215":[0,0],"216":[0,0],"217":[0,0],"218":[0,0],"219":[0,0,0],"220":[0,0],"221":[0,0],"222":[0,0],"223":[0,0],"224":[0,0],"225":[0,0],"226":[0,0],"227":[0,0],"228":[0,0],"229":[0,0],"230":[0,0],"231":[0,0],"232":[0,0,0],"233":[0,0],"234":[0,0],"235":[0,0],"236":[0,0],"237":[0,0],"238":[0,0],"239":[0,0],"240":[0,0],"241":[0,0],"242":[0,0],"243":[0,0],"244":[0,0],"245":[0,0],"246":[0,0],"247":[0,0],"248":[0,0],"249":[0,0],"250":[0,0],"251":[0,0],"252":[0,0],"253":[0,0],"254":[0,0],"255":[0,0],"256":[0,0],"257":[0,0],"258":[0,0],"259":[0,0],"260":[0,0],"261":[0,0],"262":[0,0],"263":[0,0],"264":[0,0],"265":[0,0],"266":[0,0],"267":[0,0],"268":[0,0],"269":[0,0],"270":[0,0],"271":[0,0],"272":[0,0],"273":[0,0],"274":[0,0],"275":[0,0],"276":[0,0],"277":[0,0],"278":[0,0],"279":[0,0],"280":[0,0],"281":[0,0,0,0],"282":[0,0],"283":[0,0],"284":[0,0],"285":[0,0],"286":[0,0],"287":[0,0,0],"288":[0,0],"289":[0,0],"290":[0,0],"291":[0,0],"292":[0,0],"293":[0,0],"294":[0,0],"295":[0,0],"296":[0,0],"297":[0,0],"298":[0,0],"299":[0,0],"300":[0,0,0,0],"301":[0,0],"302":[0,0],"303":[0,0],"304":[0,0],"305":[0,0],"306":[0,0],"307":[0,0],"308":[0,0],"309":[0,0],"310":[0,0,0,0],"311":[0,0],"312":[0,0],"313":[0,0],"314":[0,0],"315":[0,0],"316":[0,0],"317":[0,0],"318":[0,0],"319":[0,0],"320":[0,0],"321":[0,0,0],"322":[0,0],"323":[0,0,0,0,0],"324":[0,0],"325":[0,0],"326":[0,0],"327":[0,0],"328":[0,0],"329":[0,0],"330":[0,0],"331":[0,0],"332":[0,0],"333":[0,0],"334":[0,0],"335":[0,0],"336":[0,0],"337":[0,0],"338":[0,0],"339":[0,0],"340":[0,0],"341":[0,0],"342":[0,0],"343":[0,0],"344":[0,0],"345":[0,0],"346":[0,0],"347":[0,0],"348":[0,0],"349":[0,0,0,0,0,0,0,0,0,0,0,0,0,0,0,0,0,0,0,0,0,0,0,0,0,0,0,0,0,0,0,0,0,0,0,0,0,0,0],"350":[0,0],"351":[0,0],"352":[0,0],"353":[0,0],"354":[0,0],"355":[0,0],"356":[0,0],"357":[0,0],"358":[0,0],"359":[0,0],"360":[0,0],"361":[0,0],"362":[0,0],"363":[0,0],"364":[0,0],"365":[0,0],"366":[0,0],"367":[0,0],"368":[0,0],"369":[0,0],"370":[0,0],"371":[0,0],"372":[0,0],"373":[0,0],"374":[0,0],"375":[0,0],"376":[0,0],"377":[0,0],"378":[0,0],"379":[0,0],"380":[0,0],"381":[0,0],"382":[0,0],"383":[0,0],"384":[0,0],"385":[0,0],"386":[0,0],"387":[0,0],"388":[0,0],"389":[0,0],"390":[0,0],"391":[0,0],"392":[0,0],"393":[0,0],"394":[0,0],"395":[0,0],"396":[0,0],"397":[0,0,0,0,0],"398":[0,0],"399":[0,0],"400":[0,0],"401":[0,0],"402":[0,0],"403":[0,0],"404":[0,0],"405":[0,0],"406":[0,0],"407":[0,0],"408":[0,0]},"f":{"1":0,"2":0,"3":0,"4":0,"5":0,"6":0,"7":0,"8":0,"9":0,"10":0,"11":0,"12":0,"13":0,"14":0,"15":0,"16":0,"17":0,"18":0,"19":0,"20":0,"21":0,"22":0,"23":0,"24":0,"25":0,"26":0,"27":0,"28":0,"29":0,"30":0,"31":0,"32":0,"33":0,"34":0,"35":0,"36":0,"37":0,"38":0,"39":0,"40":0,"41":0,"42":0,"43":0,"44":0,"45":0,"46":0,"47":0,"48":0,"49":0,"50":0,"51":0,"52":0,"53":0,"54":0,"55":0,"56":0,"57":0,"58":0,"59":0,"60":0,"61":0,"62":0,"63":0,"64":0,"65":0,"66":0,"67":0,"68":0,"69":0,"70":0,"71":0,"72":0,"73":0,"74":0,"75":0,"76":0,"77":0,"78":0,"79":0,"80":0,"81":0,"82":0,"83":0,"84":0,"85":0,"86":0,"87":0,"88":0,"89":0,"90":0,"91":0,"92":0,"93":0,"94":0,"95":0,"96":0,"97":0,"98":0,"99":0,"100":0,"101":0,"102":0,"103":0,"104":0,"105":0,"106":0,"107":0,"108":0,"109":0,"110":0,"111":0,"112":0,"113":0,"114":0,"115":0,"116":0,"117":0,"118":0,"119":0,"120":0,"121":0,"122":0,"123":0,"124":0,"125":0,"126":0,"127":0,"128":0,"129":0,"130":0,"131":0,"132":0,"133":0,"134":0,"135":0,"136":0,"137":0,"138":0},"fnMap":{"1":{"name":"Connection","line":50,"loc":{"start":{"line":50,"column":0},"end":{"line":50,"column":28}}},"2":{"name":"(anonymous_2)","line":95,"loc":{"start":{"line":95,"column":31},"end":{"line":95,"column":42}}},"3":{"name":"onconnect","line":134,"loc":{"start":{"line":134,"column":2},"end":{"line":134,"column":23}}},"4":{"name":"(anonymous_4)","line":138,"loc":{"start":{"line":138,"column":31},"end":{"line":138,"column":42}}},"5":{"name":"(anonymous_5)","line":146,"loc":{"start":{"line":146,"column":18},"end":{"line":146,"column":32}}},"6":{"name":"(anonymous_6)","line":155,"loc":{"start":{"line":155,"column":26},"end":{"line":155,"column":37}}},"7":{"name":"(anonymous_7)","line":170,"loc":{"start":{"line":170,"column":23},"end":{"line":170,"column":41}}},"8":{"name":"(anonymous_8)","line":179,"loc":{"start":{"line":179,"column":21},"end":{"line":179,"column":32}}},"9":{"name":"(anonymous_9)","line":190,"loc":{"start":{"line":190,"column":24},"end":{"line":190,"column":39}}},"10":{"name":"(anonymous_10)","line":193,"loc":{"start":{"line":193,"column":22},"end":{"line":193,"column":37}}},"11":{"name":"(anonymous_11)","line":196,"loc":{"start":{"line":196,"column":20},"end":{"line":196,"column":43}}},"12":{"name":"(anonymous_12)","line":226,"loc":{"start":{"line":226,"column":24},"end":{"line":226,"column":39}}},"13":{"name":"(anonymous_13)","line":254,"loc":{"start":{"line":254,"column":21},"end":{"line":254,"column":36}}},"14":{"name":"(anonymous_14)","line":279,"loc":{"start":{"line":279,"column":29},"end":{"line":279,"column":40}}},"15":{"name":"(anonymous_15)","line":293,"loc":{"start":{"line":293,"column":38},"end":{"line":293,"column":52}}},"16":{"name":"(anonymous_16)","line":297,"loc":{"start":{"line":297,"column":31},"end":{"line":297,"column":42}}},"17":{"name":"(anonymous_17)","line":303,"loc":{"start":{"line":303,"column":27},"end":{"line":303,"column":38}}},"18":{"name":"(anonymous_18)","line":305,"loc":{"start":{"line":305,"column":26},"end":{"line":305,"column":37}}},"19":{"name":"(anonymous_19)","line":312,"loc":{"start":{"line":312,"column":30},"end":{"line":312,"column":58}}},"20":{"name":"(anonymous_20)","line":369,"loc":{"start":{"line":369,"column":42},"end":{"line":369,"column":55}}},"21":{"name":"(anonymous_21)","line":373,"loc":{"start":{"line":373,"column":32},"end":{"line":373,"column":56}}},"22":{"name":"(anonymous_22)","line":384,"loc":{"start":{"line":384,"column":26},"end":{"line":384,"column":55}}},"23":{"name":"(anonymous_23)","line":407,"loc":{"start":{"line":407,"column":31},"end":{"line":407,"column":60}}},"24":{"name":"(anonymous_24)","line":426,"loc":{"start":{"line":426,"column":21},"end":{"line":426,"column":35}}},"25":{"name":"(anonymous_25)","line":437,"loc":{"start":{"line":437,"column":32},"end":{"line":437,"column":60}}},"26":{"name":"(anonymous_26)","line":449,"loc":{"start":{"line":449,"column":27},"end":{"line":449,"column":41}}},"27":{"name":"(anonymous_27)","line":459,"loc":{"start":{"line":459,"column":32},"end":{"line":459,"column":46}}},"28":{"name":"(anonymous_28)","line":469,"loc":{"start":{"line":469,"column":47},"end":{"line":469,"column":61}}},"29":{"name":"(anonymous_29)","line":477,"loc":{"start":{"line":477,"column":30},"end":{"line":477,"column":49}}},"30":{"name":"(anonymous_30)","line":481,"loc":{"start":{"line":481,"column":30},"end":{"line":481,"column":49}}},"31":{"name":"(anonymous_31)","line":485,"loc":{"start":{"line":485,"column":33},"end":{"line":485,"column":64}}},"32":{"name":"(anonymous_32)","line":491,"loc":{"start":{"line":491,"column":4},"end":{"line":491,"column":18}}},"33":{"name":"(anonymous_33)","line":506,"loc":{"start":{"line":506,"column":36},"end":{"line":506,"column":55}}},"34":{"name":"(anonymous_34)","line":510,"loc":{"start":{"line":510,"column":38},"end":{"line":510,"column":57}}},"35":{"name":"(anonymous_35)","line":514,"loc":{"start":{"line":514,"column":42},"end":{"line":514,"column":66}}},"36":{"name":"(anonymous_36)","line":525,"loc":{"start":{"line":525,"column":30},"end":{"line":525,"column":52}}},"37":{"name":"(anonymous_37)","line":541,"loc":{"start":{"line":541,"column":31},"end":{"line":541,"column":50}}},"38":{"name":"(anonymous_38)","line":565,"loc":{"start":{"line":565,"column":30},"end":{"line":565,"column":53}}},"39":{"name":"(anonymous_39)","line":569,"loc":{"start":{"line":569,"column":31},"end":{"line":569,"column":61}}},"40":{"name":"(anonymous_40)","line":592,"loc":{"start":{"line":592,"column":32},"end":{"line":592,"column":58}}},"41":{"name":"(anonymous_41)","line":596,"loc":{"start":{"line":596,"column":32},"end":{"line":596,"column":58}}},"42":{"name":"(anonymous_42)","line":600,"loc":{"start":{"line":600,"column":32},"end":{"line":600,"column":58}}},"43":{"name":"(anonymous_43)","line":604,"loc":{"start":{"line":604,"column":35},"end":{"line":604,"column":64}}},"44":{"name":"(anonymous_44)","line":608,"loc":{"start":{"line":608,"column":35},"end":{"line":608,"column":64}}},"45":{"name":"(anonymous_45)","line":612,"loc":{"start":{"line":612,"column":35},"end":{"line":612,"column":64}}},"46":{"name":"(anonymous_46)","line":616,"loc":{"start":{"line":616,"column":30},"end":{"line":616,"column":61}}},"47":{"name":"(anonymous_47)","line":667,"loc":{"start":{"line":667,"column":28},"end":{"line":667,"column":54}}},"48":{"name":"(anonymous_48)","line":671,"loc":{"start":{"line":671,"column":29},"end":{"line":671,"column":62}}},"49":{"name":"(anonymous_49)","line":690,"loc":{"start":{"line":690,"column":28},"end":{"line":690,"column":54}}},"50":{"name":"(anonymous_50)","line":694,"loc":{"start":{"line":694,"column":29},"end":{"line":694,"column":62}}},"51":{"name":"ccb","line":719,"loc":{"start":{"line":719,"column":35},"end":{"line":719,"column":59}}},"52":{"name":"(anonymous_52)","line":732,"loc":{"start":{"line":732,"column":33},"end":{"line":732,"column":53}}},"53":{"name":"(anonymous_53)","line":739,"loc":{"start":{"line":739,"column":50},"end":{"line":739,"column":62}}},"54":{"name":"(anonymous_54)","line":748,"loc":{"start":{"line":748,"column":24},"end":{"line":748,"column":36}}},"55":{"name":"(anonymous_55)","line":758,"loc":{"start":{"line":758,"column":29},"end":{"line":758,"column":41}}},"56":{"name":"(anonymous_56)","line":762,"loc":{"start":{"line":762,"column":23},"end":{"line":762,"column":35}}},"57":{"name":"(anonymous_57)","line":769,"loc":{"start":{"line":769,"column":50},"end":{"line":769,"column":62}}},"58":{"name":"(anonymous_58)","line":779,"loc":{"start":{"line":779,"column":29},"end":{"line":779,"column":53}}},"59":{"name":"(anonymous_59)","line":783,"loc":{"start":{"line":783,"column":30},"end":{"line":783,"column":61}}},"60":{"name":"(anonymous_60)","line":828,"loc":{"start":{"line":828,"column":33},"end":{"line":828,"column":54}}},"61":{"name":"(anonymous_61)","line":869,"loc":{"start":{"line":869,"column":33},"end":{"line":869,"column":60}}},"62":{"name":"(anonymous_62)","line":873,"loc":{"start":{"line":873,"column":33},"end":{"line":873,"column":60}}},"63":{"name":"(anonymous_63)","line":877,"loc":{"start":{"line":877,"column":33},"end":{"line":877,"column":60}}},"64":{"name":"(anonymous_64)","line":881,"loc":{"start":{"line":881,"column":36},"end":{"line":881,"column":76}}},"65":{"name":"(anonymous_65)","line":905,"loc":{"start":{"line":905,"column":22},"end":{"line":905,"column":34}}},"66":{"name":"(anonymous_66)","line":915,"loc":{"start":{"line":915,"column":28},"end":{"line":915,"column":58}}},"67":{"name":"(anonymous_67)","line":919,"loc":{"start":{"line":919,"column":29},"end":{"line":919,"column":66}}},"68":{"name":"(anonymous_68)","line":929,"loc":{"start":{"line":929,"column":20},"end":{"line":929,"column":32}}},"69":{"name":"(anonymous_69)","line":974,"loc":{"start":{"line":974,"column":31},"end":{"line":974,"column":63}}},"70":{"name":"(anonymous_70)","line":978,"loc":{"start":{"line":978,"column":32},"end":{"line":978,"column":71}}},"71":{"name":"(anonymous_71)","line":1010,"loc":{"start":{"line":1010,"column":32},"end":{"line":1010,"column":64}}},"72":{"name":"(anonymous_72)","line":1026,"loc":{"start":{"line":1026,"column":4},"end":{"line":1026,"column":29}}},"73":{"name":"(anonymous_73)","line":1035,"loc":{"start":{"line":1035,"column":32},"end":{"line":1035,"column":56}}},"74":{"name":"(anonymous_74)","line":1038,"loc":{"start":{"line":1038,"column":48},"end":{"line":1038,"column":73}}},"75":{"name":"(anonymous_75)","line":1046,"loc":{"start":{"line":1046,"column":36},"end":{"line":1046,"column":58}}},"76":{"name":"(anonymous_76)","line":1049,"loc":{"start":{"line":1049,"column":50},"end":{"line":1049,"column":75}}},"77":{"name":"(anonymous_77)","line":1063,"loc":{"start":{"line":1063,"column":30},"end":{"line":1063,"column":64}}},"78":{"name":"(anonymous_78)","line":1067,"loc":{"start":{"line":1067,"column":31},"end":{"line":1067,"column":72}}},"79":{"name":"(anonymous_79)","line":1090,"loc":{"start":{"line":1090,"column":37},"end":{"line":1090,"column":71}}},"80":{"name":"(anonymous_80)","line":1097,"loc":{"start":{"line":1097,"column":37},"end":{"line":1097,"column":71}}},"81":{"name":"(anonymous_81)","line":1104,"loc":{"start":{"line":1104,"column":37},"end":{"line":1104,"column":71}}},"82":{"name":"(anonymous_82)","line":1111,"loc":{"start":{"line":1111,"column":40},"end":{"line":1111,"column":77}}},"83":{"name":"(anonymous_83)","line":1118,"loc":{"start":{"line":1118,"column":40},"end":{"line":1118,"column":77}}},"84":{"name":"(anonymous_84)","line":1125,"loc":{"start":{"line":1125,"column":40},"end":{"line":1125,"column":77}}},"85":{"name":"(anonymous_85)","line":1134,"loc":{"start":{"line":1134,"column":58},"end":{"line":1134,"column":69}}},"86":{"name":"(anonymous_86)","line":1137,"loc":{"start":{"line":1137,"column":17},"end":{"line":1137,"column":48}}},"87":{"name":"(anonymous_87)","line":1140,"loc":{"start":{"line":1140,"column":17},"end":{"line":1140,"column":48}}},"88":{"name":"(anonymous_88)","line":1143,"loc":{"start":{"line":1143,"column":17},"end":{"line":1143,"column":48}}},"89":{"name":"(anonymous_89)","line":1147,"loc":{"start":{"line":1147,"column":14},"end":{"line":1147,"column":42}}},"90":{"name":"(anonymous_90)","line":1150,"loc":{"start":{"line":1150,"column":14},"end":{"line":1150,"column":42}}},"91":{"name":"(anonymous_91)","line":1153,"loc":{"start":{"line":1153,"column":14},"end":{"line":1153,"column":42}}},"92":{"name":"(anonymous_92)","line":1157,"loc":{"start":{"line":1157,"column":10},"end":{"line":1157,"column":38}}},"93":{"name":"(anonymous_93)","line":1160,"loc":{"start":{"line":1160,"column":10},"end":{"line":1160,"column":38}}},"94":{"name":"(anonymous_94)","line":1163,"loc":{"start":{"line":1163,"column":11},"end":{"line":1163,"column":37}}},"95":{"name":"(anonymous_95)","line":1166,"loc":{"start":{"line":1166,"column":12},"end":{"line":1166,"column":34}}},"96":{"name":"(anonymous_96)","line":1171,"loc":{"start":{"line":1171,"column":15},"end":{"line":1171,"column":44}}},"97":{"name":"(anonymous_97)","line":1174,"loc":{"start":{"line":1174,"column":15},"end":{"line":1174,"column":44}}},"98":{"name":"(anonymous_98)","line":1177,"loc":{"start":{"line":1177,"column":15},"end":{"line":1177,"column":44}}},"99":{"name":"(anonymous_99)","line":1181,"loc":{"start":{"line":1181,"column":13},"end":{"line":1181,"column":45}}},"100":{"name":"(anonymous_100)","line":1185,"loc":{"start":{"line":1185,"column":10},"end":{"line":1185,"column":39}}},"101":{"name":"(anonymous_101)","line":1188,"loc":{"start":{"line":1188,"column":12},"end":{"line":1188,"column":46}}},"102":{"name":"(anonymous_102)","line":1192,"loc":{"start":{"line":1192,"column":22},"end":{"line":1192,"column":61}}},"103":{"name":"(anonymous_103)","line":1198,"loc":{"start":{"line":1198,"column":22},"end":{"line":1198,"column":61}}},"104":{"name":"(anonymous_104)","line":1204,"loc":{"start":{"line":1204,"column":22},"end":{"line":1204,"column":61}}},"105":{"name":"(anonymous_105)","line":1211,"loc":{"start":{"line":1211,"column":19},"end":{"line":1211,"column":55}}},"106":{"name":"(anonymous_106)","line":1217,"loc":{"start":{"line":1217,"column":19},"end":{"line":1217,"column":55}}},"107":{"name":"(anonymous_107)","line":1223,"loc":{"start":{"line":1223,"column":19},"end":{"line":1223,"column":55}}},"108":{"name":"(anonymous_108)","line":1232,"loc":{"start":{"line":1232,"column":36},"end":{"line":1232,"column":51}}},"109":{"name":"(anonymous_109)","line":1242,"loc":{"start":{"line":1242,"column":31},"end":{"line":1242,"column":43}}},"110":{"name":"(anonymous_110)","line":1328,"loc":{"start":{"line":1328,"column":57},"end":{"line":1328,"column":69}}},"111":{"name":"(anonymous_111)","line":1435,"loc":{"start":{"line":1435,"column":27},"end":{"line":1435,"column":38}}},"112":{"name":"(anonymous_112)","line":1468,"loc":{"start":{"line":1468,"column":25},"end":{"line":1468,"column":36}}},"113":{"name":"(anonymous_113)","line":1488,"loc":{"start":{"line":1488,"column":34},"end":{"line":1488,"column":49}}},"114":{"name":"(anonymous_114)","line":1523,"loc":{"start":{"line":1523,"column":21},"end":{"line":1523,"column":32}}},"115":{"name":"(anonymous_115)","line":1549,"loc":{"start":{"line":1549,"column":41},"end":{"line":1549,"column":52}}},"116":{"name":"(anonymous_116)","line":1568,"loc":{"start":{"line":1568,"column":41},"end":{"line":1568,"column":61}}},"117":{"name":"(anonymous_117)","line":1573,"loc":{"start":{"line":1573,"column":16},"end":{"line":1573,"column":27}}},"118":{"name":"(anonymous_118)","line":1604,"loc":{"start":{"line":1604,"column":30},"end":{"line":1604,"column":41}}},"119":{"name":"(anonymous_119)","line":1607,"loc":{"start":{"line":1607,"column":16},"end":{"line":1607,"column":30}}},"120":{"name":"(anonymous_120)","line":1621,"loc":{"start":{"line":1621,"column":32},"end":{"line":1621,"column":43}}},"121":{"name":"(anonymous_121)","line":1628,"loc":{"start":{"line":1628,"column":30},"end":{"line":1628,"column":41}}},"122":{"name":"(anonymous_122)","line":1632,"loc":{"start":{"line":1632,"column":22},"end":{"line":1632,"column":38}}},"123":{"name":"(anonymous_123)","line":1689,"loc":{"start":{"line":1689,"column":33},"end":{"line":1689,"column":44}}},"124":{"name":"(anonymous_124)","line":1691,"loc":{"start":{"line":1691,"column":28},"end":{"line":1691,"column":42}}},"125":{"name":"(anonymous_125)","line":1708,"loc":{"start":{"line":1708,"column":41},"end":{"line":1708,"column":52}}},"126":{"name":"(anonymous_126)","line":1720,"loc":{"start":{"line":1720,"column":37},"end":{"line":1720,"column":48}}},"127":{"name":"(anonymous_127)","line":1746,"loc":{"start":{"line":1746,"column":44},"end":{"line":1747,"column":0}}},"128":{"name":"(anonymous_128)","line":1757,"loc":{"start":{"line":1757,"column":32},"end":{"line":1757,"column":63}}},"129":{"name":"(anonymous_129)","line":1781,"loc":{"start":{"line":1781,"column":21},"end":{"line":1781,"column":32}}},"130":{"name":"escape","line":1803,"loc":{"start":{"line":1803,"column":0},"end":{"line":1803,"column":21}}},"131":{"name":"validateUIDList","line":1807,"loc":{"start":{"line":1807,"column":0},"end":{"line":1807,"column":40}}},"132":{"name":"hasNonASCII","line":1837,"loc":{"start":{"line":1837,"column":0},"end":{"lin
[...]
th these kinds of values:","    // e.g.: ['Foo', null]","    //       ['Foo', ['Bar', 'Baz']]","    //       ['Foo', ['Bar', 'Baz', 'Bam', 'Pow']]","    var disposition = { type: null, params: null };","    if (Array.isArray(cur[next])) {","      disposition.type = cur[next][0];","      if (Array.isArray(cur[next][1])) {","        disposition.params = {};","        for (var i = 0, len = cur[next][1].length, key; i < len; i += 2) {","          key = cur[next][1][i].toLowerCase();","          disposition.params[key] = cur[next][1][i + 1];","        }","      }","    } else if (cur[next] !== null)","      disposition.type = cur[next];","","    if (disposition.type === null)","      part.disposition = null;","    else","      part.disposition = disposition;","","    ++next;","  }","  if (partLen > next) {","    // language can be a string or a list of one or more strings, so let's","    // make this more consistent ...","    if (cur[next] !== null)","      part.language = (Array.isArray(cur[next]) ? cur[next] : [cur[next]]);","    else","      part.language = null;","    ++next;","  }","  if (partLen > next)","    part.location = cur[next++];","  if (partLen > next) {","    // extension stuff introduced by later RFCs","    // this can really be any value: a string, number, or (un)nested list","    // let's not parse it for now ...","    part.extensions = cur[next];","  }","}","","function parseFetchEnvelope(list) {","  return {","    date: new Date(list[0]),","    subject: decodeWords(list[1]),","    from: parseEnvelopeAddresses(list[2]),","    sender: parseEnvelopeAddresses(list[3]),","    replyTo: parseEnvelopeAddresses(list[4]),","    to: parseEnvelopeAddresses(list[5]),","    cc: parseEnvelopeAddresses(list[6]),","    bcc: parseEnvelopeAddresses(list[7]),","    inReplyTo: list[8],","    messageId: list[9]","  };","}","","function parseEnvelopeAddresses(list) {","  var addresses = null;","  if (Array.isArray(list)) {","    addresses = [];","    var inGroup = false, curGroup;","    for (var i = 0, len = list.length, addr; i < len; ++i) {","      addr = list[i];","      if (addr[2] === null) { // end of group addresses","        inGroup = false;","        if (curGroup) {","          addresses.push(curGroup);","          curGroup = undefined;","        }","      } else if (addr[3] === null) { // start of group addresses","        inGroup = true;","        curGroup = {","          group: addr[2],","          addresses: []","        };","      } else { // regular user address","        var info = {","          name: decodeWords(addr[0]),","          mailbox: addr[2],","          host: addr[3]","        };","        if (inGroup)","          curGroup.addresses.push(info);","        else if (!inGroup)","          addresses.push(info);","      }","      list[i] = addr;","    }","    if (inGroup) {","      // no end of group found, assume implicit end","      addresses.push(curGroup);","    }","  }","  return addresses;","}","","function parseExpr(o, literals, result, start, useBrackets) {","  start = start || 0;","  var inQuote = false,","      lastPos = start - 1,","      isTop = false,","      isBody = false,","      escaping = false,","      val;","","  if (useBrackets === undefined)","    useBrackets = true;","  if (!result)","    result = [];","  if (typeof o === 'string') {","    o = { str: o };","    isTop = true;","  }","  for (var i = start, len = o.str.length; i < len; ++i) {","    if (!inQuote) {","      if (isBody) {","        if (o.str[i] === ']') {","          val = convStr(o.str.substring(lastPos + 1, i + 1), literals);","          result.push(val);","          lastPos = i;","          isBody = false;","        }","      } else if (o.str[i] === '\"')","        inQuote = true;","      else if (o.str[i] === ' '","               || o.str[i] === ')'","               || (useBrackets && o.str[i] === ']')) {","        if (i - (lastPos + 1) > 0) {","          val = convStr(o.str.substring(lastPos + 1, i), literals);","          result.push(val);","        }","        if ((o.str[i] === ')' || (useBrackets && o.str[i] === ']')) && !isTop)","          return i;","        lastPos = i;","      } else if ((o.str[i] === '(' || (useBrackets && o.str[i] === '['))) {","        if (o.str[i] === '['","            && i - 4 >= start","            && o.str.substring(i - 4, i).toUpperCase() === 'BODY') {","          isBody = true;","          lastPos = i - 5;","        } else {","          var innerResult = [];","          i = parseExpr(o, literals, innerResult, i + 1, useBrackets);","          lastPos = i;","          result.push(innerResult);","        }","      }","    } else if (o.str[i] === '\\\\')","      escaping = !escaping;","    else if (o.str[i] === '\"') {","      if (!escaping)","        inQuote = false;","      escaping = false;","    }","    if (i + 1 === len && len - (lastPos + 1) > 0)","      result.push(convStr(o.str.substring(lastPos + 1), literals));","  }","  return (isTop ? result : start);","}","","function convStr(str, literals) {","  if (str[0] === '\"') {","    str = str.substring(1, str.length - 1);","    var newstr = '', isEscaping = false, p = 0;","    for (var i = 0, len = str.length; i < len; ++i) {","      if (str[i] === '\\\\') {","        if (!isEscaping)","          isEscaping = true;","        else {","          isEscaping = false;","          newstr += str.substring(p, i - 1);","          p = i;","        }","      } else if (str[i] === '\"') {","        if (isEscaping) {","          isEscaping = false;","          newstr += str.substring(p, i - 1);","          p = i;","        }","      }","    }","    if (p === 0)","      return str;","    else {","      newstr += str.substring(p);","      return newstr;","    }","  } else if (str === 'NIL')","    return null;","  else if (RE_INTEGER.test(str)) {","    // some IMAP extensions utilize large (64-bit) integers, which JavaScript","    // can't handle natively, so we'll just keep it as a string if it's too big","    var val = parseInt(str, 10);","    return (val.toString() === str ? val : str);","  } else if (literals && literals.length && str === LITPLACEHOLDER) {","    var l = literals.shift();","    if (Buffer.isBuffer(l))","      l = l.toString('utf8');","    return l;","  }","","  return str;","}","","function repeat(chr, len) {","  var s = '';","  for (var i = 0; i < len; ++i)","    s += chr;","  return s;","}","","function decodeBytes(buf, encoding, offset, mlen, pendoffset, state, nextBuf) {","  if (!jsencoding)","    jsencoding = require('../deps/encoding/encoding');","  if (jsencoding.encodingExists(encoding)) {","    if (state.buffer !== undefined) {","      if (state.encoding === encoding && state.consecutive) {","        // concatenate buffer + current bytes in hopes of finally having","        // something that's decodable","        var newbuf = new Buffer(state.buffer.length + buf.length);","        state.buffer.copy(newbuf, 0);","        buf.copy(newbuf, state.buffer.length);","        buf = newbuf;","      } else {","        // either:","        //   - the current encoded word is not separated by the previous partial","        //     encoded word by linear whitespace, OR","        //   - the current encoded word and the previous partial encoded word","        //     use different encodings","        state.buffer = state.encoding = undefined;","        state.curReplace = undefined;","      }","    }","    var ret, isPartial = false;","    if (state.remainder !== undefined) {","      // use cached remainder from the previous lookahead","      ret = state.remainder;","      state.remainder = undefined;","    } else {","      try {","        ret = jsencoding.TextDecoder(encoding).decode(buf);","      } catch (e) {","        if (e.message.indexOf('Seeking') === 0)","          isPartial = true;","      }","    }","    if (!isPartial && nextBuf) {","      // try to decode a lookahead buffer (current buffer + next buffer)","      // and see if it starts with the decoded value of the current buffer.","      // if not, the current buffer is partial","      var lookahead, lookaheadBuf = new Buffer(buf.length + nextBuf.length);","      buf.copy(lookaheadBuf);","      nextBuf.copy(lookaheadBuf, buf.length);","      try {","        lookahead = jsencoding.TextDecoder(encoding).decode(lookaheadBuf);","      } catch(e) {","        // cannot decode the lookahead, do nothing","      }","      if (lookahead !== undefined) {","        if (lookahead.indexOf(ret) === 0) {","          // the current buffer is whole, cache the lookahead's remainder","          state.remainder = lookahead.substring(ret.length);","        } else {","          isPartial = true;","          ret = undefined;","        }","      }","    }","    if (ret !== undefined) {","      if (state.curReplace) {","        // we have some previous partials which were finally \"satisfied\" by the","        // current encoded word, so replace from the beginning of the first","        // partial to the end of the current encoded word","        state.replaces.push({","          fromOffset: state.curReplace[0].fromOffset,","          toOffset: offset + mlen,","          val: ret","        });","        state.replaces.splice(state.replaces.indexOf(state.curReplace), 1);","        state.curReplace = undefined;","      } else {","        // normal case where there are no previous partials and we successfully","        // decoded a single encoded word","        state.replaces.push({","          // we ignore linear whitespace between consecutive encoded words","          fromOffset: state.consecutive ? pendoffset : offset,","          toOffset: offset + mlen,","          val: ret","        });","      }","      state.buffer = state.encoding = undefined;","      return;","    } else if (isPartial) {","      // RFC2047 says that each decoded encoded word \"MUST represent an integral","      // number of characters. A multi-octet character may not be split across","      // adjacent encoded-words.\" However, some MUAs appear to go against this,","      // so we join broken encoded words separated by linear white space until","      // we can successfully decode or we see a change in encoding","      state.encoding = encoding;","      state.buffer = buf;","      if (!state.curReplace)","        state.replaces.push(state.curReplace = []);","      state.curReplace.push({","        fromOffset: offset,","        toOffset: offset + mlen,","        // the value we replace this encoded word with if it doesn't end up","        // becoming part of a successful decode","        val: repeat('\\uFFFD', buf.length)","      });","      return;","    }","  }","  // in case of unexpected error or unsupported encoding, just substitute the","  // raw bytes","  state.replaces.push({","    fromOffset: offset,","    toOffset: offset + mlen,","    val: buf.toString('binary')","  });","}","","function qEncReplacer(match, byte) {","  if (match === '_')","    return ' ';","  else","    return String.fromCharCode(parseInt(byte, 16));","}","function decodeWords(str, state) {","  var pendoffset = -1;","","  if (!state) {","    state = {","      buffer: undefined,","      encoding: undefined,","      consecutive: false,","      replaces: undefined,","      curReplace: undefined,","      remainder: undefined","    };","  }","","  state.replaces = [];","","  var bytes, m, next, i, j, leni, lenj, seq, replaces = [], lastReplace = {};","","  // join consecutive q-encoded words that have the same charset first","  while (m = RE_ENCWORD.exec(str)) {","    seq = {","      consecutive: (pendoffset > -1","                    ? RE_LWS_ONLY.test(str.substring(pendoffset, m.index))","                    : false),","      charset: m[1].toLowerCase(),","      encoding: m[2].toLowerCase(),","      chunk: m[3],","      index: m.index,","      length: m[0].length,","      pendoffset: pendoffset,","      buf: undefined","    };","    lastReplace = replaces.length && replaces[replaces.length - 1];","    if (seq.consecutive","        && seq.charset === lastReplace.charset","        && seq.encoding === lastReplace.encoding","        && seq.encoding === 'q') {","      lastReplace.length += seq.length + seq.index - pendoffset;","      lastReplace.chunk += seq.chunk;","    } else {","      replaces.push(seq);","      lastReplace = seq;","    }","    pendoffset = m.index + m[0].length;","  }","","  // generate replacement substrings and their positions","  for (i = 0, leni = replaces.length; i < leni; ++i) {","    m = replaces[i];","    state.consecutive = m.consecutive;","    if (m.encoding === 'q') {","      // q-encoding, similar to quoted-printable","      bytes = new Buffer(m.chunk.replace(RE_QENC, qEncReplacer), 'binary');","      next = undefined;","    } else {","      // base64","      bytes = m.buf || new Buffer(m.chunk, 'base64');","      next = replaces[i + 1];","      if (next && next.consecutive && next.encoding === m.encoding","        && next.charset === m.charset) {","        // we use the next base64 chunk, if any, to determine the integrity","        // of the current chunk","        next.buf = new Buffer(next.chunk, 'base64');","      }","    }","    decodeBytes(bytes, m.charset, m.index, m.length, m.pendoffset, state,","      next && next.buf);","  }","","  // perform the actual replacements","  for (i = state.replaces.length - 1; i >= 0; --i) {","    seq = state.replaces[i];","    if (Array.isArray(seq)) {","      for (j = 0, lenj = seq.length; j < lenj; ++j) {","        str = str.substring(0, seq[j].fromOffset)","              + seq[j].val","              + str.substring(seq[j].toOffset);","      }","    } else {","      str = str.substring(0, seq.fromOffset)","            + seq.val","            + str.substring(seq.toOffset);","    }","  }","","  return str;","}","","function parseHeader(str, noDecode) {","  var lines = str.split(RE_CRLF),","      len = lines.length,","      header = {},","      state = {","        buffer: undefined,","        encoding: undefined,","        consecutive: false,","        replaces: undefined,","        curReplace: undefined,","        remainder: undefined","      },","      m, h, i, val;","","  for (i = 0; i < len; ++i) {","    if (lines[i].length === 0)","      break; // empty line separates message's header and body","    if (lines[i][0] === '\\t' || lines[i][0] === ' ') {","      if (!Array.isArray(header[h]))","        continue; // ignore invalid first line","      // folded header content","      val = lines[i];","      if (!noDecode) {","        if (RE_ENCWORD_END.test(lines[i - 1])","            && RE_ENCWORD_BEGIN.test(val)) {","          // RFC2047 says to *ignore* leading whitespace in folded header values","          // for adjacent encoded-words ...","          val = val.substring(1);","        }","      }","      header[h][header[h].length - 1] += val;","    } else {","      m = RE_HDR.exec(lines[i]);","      if (m) {","        h = m[1].toLowerCase().trim();","        if (m[2]) {","          if (header[h] === undefined)","            header[h] = [m[2]];","          else","            header[h].push(m[2]);","        } else","          header[h] = [''];","      } else","        break;","    }","  }","  if (!noDecode) {","    var hvs;","    for (h in header) {","      hvs = header[h];","      for (i = 0, len = header[h].length; i < len; ++i)","        hvs[i] = decodeWords(hvs[i], state);","    }","  }","","  return header;","}","","exports.Parser = Parser;","exports.parseExpr = parseExpr;","exports.parseEnvelopeAddresses = parseEnvelopeAddresses;","exports.parseBodyStructure = parseBodyStructure;","exports.parseHeader = parseHeader;",""],"l":{"1":1,"7":1,"10":1,"32":1,"33":0,"34":0,"36":0,"38":0,"39":0,"40":0,"41":0,"42":0,"43":0,"44":0,"46":0,"47":0,"48":0,"49":0,"50":0,"51":0,"53":0,"56":0,"58":0,"60":1,"62":1,"63":0,"64":0,"66":0,"67":0,"72":0,"74":0,"76":0,"79":1,"80":0,"81":0,"82":0,"86":1,"87":0,"89":0,"90":0,"91":0,"92":0,"93":0,"94":0,"95":0,"96":0,"97":0,"98":0,"99":0,"101":0,"102":0,"104":0,"105":0,"106":0,"107":0,"108":0,"110":0,"113":0,"114":0,"116":0,"117":0,"118":0,"122":0,"123":0,"124":0,"125":0,"126":0,"128":0,"129":0,"130":0,"132":0,"134":0,"135":0,"136":0,"137":0,"138":0,"139":0,"140":0,"141":0,"143":0,"144":0,"146":0,"147":0,"148":0,"149":0,"151":0,"155":0,"156":0,"161":0,"162":0,"165":1,"166":0,"167":0,"169":0,"170":0,"171":0,"172":0,"173":0,"175":0,"182":0,"185":1,"186":0,"187":0,"189":0,"190":0,"191":0,"192":0,"193":0,"194":0,"195":0,"196":0,"201":0,"203":0,"204":0,"205":0,"206":0,"214":0,"215":0,"216":0,"217":0,"218":0,"220":0,"222":0,"226":0,"227":0,"229":0,"230":0,"235":0,"236":0,"238":0,"240":0,"241":0,"244":0,"245":0,"246":0,"247":0,"249":0,"250":0,"251":0,"252":0,"253":0,"254":0,"255":0,"256":0,"257":0,"258":0,"259":0,"260":0,"261":0,"262":0,"263":0,"264":0,"265":0,"267":0,"269":0,"271":0,"278":0,"281":1,"282":0,"286":0,"288":0,"289":0,"291":0,"293":0,"294":0,"296":0,"302":1,"303":0,"304":0,"305":0,"306":0,"307":0,"310":0,"313":1,"314":0,"315":0,"316":0,"318":0,"321":1,"322":0,"329":0,"330":0,"331":0,"332":0,"333":0,"334":0,"337":0,"340":1,"341":0,"343":0,"344":0,"345":0,"346":0,"348":0,"351":1,"352":0,"355":0,"356":0,"362":0,"368":1,"369":0,"371":0,"377":1,"378":0,"379":0,"386":1,"387":0,"389":0,"390":0,"391":0,"392":0,"393":0,"394":0,"399":0,"400":0,"401":0,"402":0,"403":0,"405":0,"409":0,"416":1,"417":0,"419":0,"420":0,"421":0,"427":1,"428":0,"430":0,"431":0,"432":0,"433":0,"434":0,"435":0,"436":0,"437":0,"438":0,"439":0,"440":0,"441":0,"443":0,"444":0,"445":0,"446":0,"447":0,"452":0,"453":0,"454":0,"456":0,"458":0,"461":1,"462":0,"463":0,"464":0,"465":0,"466":0,"468":0,"469":0,"470":0,"471":0,"472":0,"477":0,"478":0,"479":0,"480":0,"481":0,"482":0,"484":0,"485":0,"488":0,"489":0,"490":0,"502":0,"503":0,"504":0,"505":0,"507":0,"508":0,"509":0,"510":0,"511":0,"512":0,"514":0,"516":0,"517":0,"519":0,"520":0,"523":0,"524":0,"526":0,"527":0,"529":0,"532":0,"533":0,"534":0,"537":0,"538":0,"540":0,"543":1,"544":0,"550":0,"551":0,"552":0,"553":0,"554":0,"555":0,"556":0,"557":0,"560":0,"561":0,"563":0,"564":0,"566":0,"568":0,"570":0,"573":0,"574":0,"576":0,"577":0,"579":0,"580":0,"581":0,"585":0,"589":1,"590":0,"604":1,"605":0,"606":0,"607":0,"608":0,"609":0,"610":0,"611":0,"612":0,"613":0,"614":0,"615":0,"617":0,"618":0,"619":0,"624":0,"629":0,"630":0,"631":0,"632":0,"634":0,"636":0,"638":0,"641":0,"644":1,"645":0,"646":0,"653":0,"654":0,"655":0,"656":0,"657":0,"658":0,"659":0,"661":0,"662":0,"663":0,"664":0,"665":0,"666":0,"667":0,"668":0,"670":0,"671":0,"672":0,"675":0,"676":0,"677":0,"679":0,"680":0,"681":0,"682":0,"683":0,"686":0,"687":0,"689":0,"690":0,"691":0,"692":0,"695":0,"696":0,"697":0,"698":0,"699":0,"700":0,"702":0,"703":0,"705":0,"708":1,"709":0,"710":0,"711":0,"712":0,"713":0,"714":0,"715":0,"717":0,"718":0,"719":0,"721":0,"722":0,"723":0,"724":0,"725":0,"729":0,"730":0,"732":0,"733":0,"735":0,"736":0,"737":0,"740":0,"741":0,"742":0,"743":0,"744":0,"745":0,"746":0,"749":0,"752":1,"753":0,"754":0,"755":0,"756":0,"759":1,"760":0,"761":0,"762":0,"763":0,"764":0,"767":0,"768":0,"769":0,"770":0,"777":0,"778":0,"781":0,"782":0,"784":0,"785":0,"787":0,"788":0,"790":0,"791":0,"794":0,"798":0,"799":0,"800":0,"801":0,"802":0,"806":0,"807":0,"809":0,"811":0,"812":0,"816":0,"817":0,"821":0,"826":0,"827":0,"831":0,"838":0,"839":0,"840":0,"846":0,"847":0,"848":0,"849":0,"850":0,"857":0,"862":0,"869":1,"870":0,"871":0,"873":0,"875":1,"876":0,"878":0,"879":0,"889":0,"891":0,"894":0,"895":0,"907":0,"908":0,"912":0,"913":0,"915":0,"916":0,"918":0,"922":0,"923":0,"924":0,"925":0,"927":0,"928":0,"931":0,"932":0,"933":0,"937":0,"940":0,"945":0,"946":0,"947":0,"948":0,"949":0,"954":0,"960":0,"963":1,"964":0,"977":0,"978":0,"979":0,"980":0,"981":0,"982":0,"984":0,"985":0,"986":0,"990":0,"993":0,"995":0,"996":0,"997":0,"998":0,"999":0,"1000":0,"1002":0,"1004":0,"1006":0,"1009":0,"1010":0,"1011":0,"1012":0,"1013":0,"1014":0,"1018":0,"1021":1,"1022":1,"1023":1,"1024":1,"1025":1}}}